2025-07-22 01:56:36 | GameAutomationBot |     INFO | initialize:48 | Configuration loaded and validated successfully
2025-07-22 01:56:36 | GameAutomationBot |     INFO | initialize:52 | 🤖 YOLO11 model will be used: models/best.pt
2025-07-22 01:56:37 | GameAutomationBot |     INFO | _load_model:320 | ✅ YOLO11 model loaded successfully from: models\best.pt
2025-07-22 01:56:37 | GameAutomationBot |     INFO | _load_model:325 | 📋 Model classes: ['cash_pack', 'close_ad', 'daily_rewards_Question', 'daily_rewards_options', 'daily_rewards_watch_ads', 'medic_pack', 'morale_pack', 'no_ads_green', 'rest_pack', 'skip_ad', 'watch_ads_general', 'windows_button']
2025-07-22 01:56:37 | GameAutomationBot |     INFO | __init__:30 | ✅ YOLO11 detection enabled
2025-07-22 01:56:37 | GameAutomationBot |     INFO | initialize:69 | 🔍 Detection method: YOLO11
2025-07-22 01:56:37 | GameAutomationBot |     INFO | initialize:72 | 📋 Model classes: ['cash_pack', 'close_ad', 'daily_rewards_Question', 'daily_rewards_options', 'daily_rewards_watch_ads', 'medic_pack', 'morale_pack', 'no_ads_green', 'rest_pack', 'skip_ad', 'watch_ads_general', 'windows_button']
2025-07-22 01:56:37 | GameAutomationBot |     INFO | initialize:78 | Bot modules initialized successfully
2025-07-22 01:56:37 | GameAutomationBot |     INFO | run_interactive_mode:227 | Starting YOLO-enhanced interactive mode...
2025-07-22 02:01:59 | GameAutomationBot |     INFO | launch_top_eleven:117 | 🚀 Launching Top Eleven on BlueStacks...
2025-07-22 02:01:59 | GameAutomationBot |     INFO | optimize_for_bluestacks:121 | Applied BlueStacks optimizations
2025-07-22 02:01:59 | GameAutomationBot |     INFO | _open_windows_search:66 | 🔍 Step 1: Opening Windows search...
2025-07-22 02:02:01 | GameAutomationBot |     INFO | _open_windows_search:77 | ✅ Windows search opened
2025-07-22 02:02:01 | GameAutomationBot |     INFO | _launch_bluestacks:86 | 🔍 Step 2: Launching BlueStacks...
2025-07-22 02:02:01 | GameAutomationBot |    DEBUG | key_boardtype:90 | Typing characters: ('t', 'o', 'p', ' ', 'e', 'l', 'e', 'v', 'e', 'n')
2025-07-22 02:02:02 | GameAutomationBot |     INFO | key_boardtype:115 | ✅ Successfully typed 10 character(s)/string(s)
2025-07-22 02:02:04 | GameAutomationBot |    DEBUG | key_boardtype:90 | Typing characters: ('enter',)
2025-07-22 02:02:05 | GameAutomationBot |     INFO | key_boardtype:115 | ✅ Successfully typed 1 character(s)/string(s)
2025-07-22 02:02:05 | GameAutomationBot |     INFO | _launch_bluestacks:98 | ✅ BlueStacks launch initiated
2025-07-22 02:02:05 | GameAutomationBot |     INFO | _wait_for_bluestacks_ready:108 | ⏳ Step 3: Waiting for BlueStacks to be ready...
2025-07-22 02:02:05 | GameAutomationBot |     INFO | wait_for_bluestacks_ready:184 | ⏳ Waiting for BlueStacks to be ready (timeout: 60s)...
2025-07-22 02:02:05 | GameAutomationBot |    DEBUG | wait_for_bluestacks_ready:201 | 🔍 BlueStacks ready check #1
2025-07-22 02:02:05 | GameAutomationBot |    DEBUG | load_image:39 | Loaded and cached image: Assets/BlueStacks/bluestacks_window.png
2025-07-22 02:02:08 | GameAutomationBot |    DEBUG | wait_for_bluestacks_ready:201 | 🔍 BlueStacks ready check #2
2025-07-22 02:02:08 | GameAutomationBot |    DEBUG | load_image:39 | Loaded and cached image: Assets/BlueStacks/bluestacks_window.png
2025-07-22 02:02:12 | GameAutomationBot |    DEBUG | wait_for_bluestacks_ready:201 | 🔍 BlueStacks ready check #3
2025-07-22 02:02:12 | GameAutomationBot |    DEBUG | load_image:39 | Loaded and cached image: Assets/BlueStacks/bluestacks_window.png
2025-07-22 02:02:16 | GameAutomationBot |    DEBUG | wait_for_bluestacks_ready:201 | 🔍 BlueStacks ready check #4
2025-07-22 02:02:16 | GameAutomationBot |    DEBUG | load_image:39 | Loaded and cached image: Assets/BlueStacks/bluestacks_window.png
2025-07-22 02:02:19 | GameAutomationBot |    DEBUG | wait_for_bluestacks_ready:201 | 🔍 BlueStacks ready check #5
2025-07-22 02:02:19 | GameAutomationBot |    DEBUG | load_image:39 | Loaded and cached image: Assets/BlueStacks/bluestacks_window.png
2025-07-22 02:02:23 | GameAutomationBot |    DEBUG | wait_for_bluestacks_ready:201 | 🔍 BlueStacks ready check #6
2025-07-22 02:02:23 | GameAutomationBot |    DEBUG | load_image:39 | Loaded and cached image: Assets/BlueStacks/bluestacks_window.png
2025-07-22 02:02:27 | GameAutomationBot |    DEBUG | wait_for_bluestacks_ready:201 | 🔍 BlueStacks ready check #7
2025-07-22 02:02:27 | GameAutomationBot |    DEBUG | load_image:39 | Loaded and cached image: Assets/BlueStacks/bluestacks_window.png
2025-07-22 02:02:31 | GameAutomationBot |    DEBUG | wait_for_bluestacks_ready:201 | 🔍 BlueStacks ready check #8
2025-07-22 02:02:31 | GameAutomationBot |    DEBUG | load_image:39 | Loaded and cached image: Assets/BlueStacks/bluestacks_window.png
2025-07-22 02:02:35 | GameAutomationBot |    DEBUG | wait_for_bluestacks_ready:201 | 🔍 BlueStacks ready check #9
2025-07-22 02:02:35 | GameAutomationBot |    DEBUG | load_image:39 | Loaded and cached image: Assets/BlueStacks/bluestacks_window.png
2025-07-22 02:02:39 | GameAutomationBot |    DEBUG | wait_for_bluestacks_ready:201 | 🔍 BlueStacks ready check #10
2025-07-22 02:02:39 | GameAutomationBot |    DEBUG | load_image:39 | Loaded and cached image: Assets/BlueStacks/bluestacks_window.png
2025-07-22 02:02:43 | GameAutomationBot |    DEBUG | wait_for_bluestacks_ready:201 | 🔍 BlueStacks ready check #11
2025-07-22 02:02:43 | GameAutomationBot |    DEBUG | load_image:39 | Loaded and cached image: Assets/BlueStacks/bluestacks_window.png
2025-07-22 02:02:47 | GameAutomationBot |    DEBUG | wait_for_bluestacks_ready:201 | 🔍 BlueStacks ready check #12
2025-07-22 02:02:47 | GameAutomationBot |    DEBUG | load_image:39 | Loaded and cached image: Assets/BlueStacks/bluestacks_window.png
2025-07-22 02:02:51 | GameAutomationBot |    DEBUG | wait_for_bluestacks_ready:201 | 🔍 BlueStacks ready check #13
2025-07-22 02:02:51 | GameAutomationBot |    DEBUG | load_image:39 | Loaded and cached image: Assets/BlueStacks/bluestacks_window.png
2025-07-22 02:02:55 | GameAutomationBot |    DEBUG | wait_for_bluestacks_ready:201 | 🔍 BlueStacks ready check #14
2025-07-22 02:02:55 | GameAutomationBot |    DEBUG | load_image:39 | Loaded and cached image: Assets/BlueStacks/bluestacks_window.png
2025-07-22 02:02:59 | GameAutomationBot |    DEBUG | wait_for_bluestacks_ready:201 | 🔍 BlueStacks ready check #15
2025-07-22 02:02:59 | GameAutomationBot |    DEBUG | load_image:39 | Loaded and cached image: Assets/BlueStacks/bluestacks_window.png
2025-07-22 02:03:02 | GameAutomationBot |    DEBUG | wait_for_bluestacks_ready:201 | 🔍 BlueStacks ready check #16
2025-07-22 02:03:02 | GameAutomationBot |    DEBUG | load_image:39 | Loaded and cached image: Assets/BlueStacks/bluestacks_window.png
2025-07-22 02:03:06 | GameAutomationBot |  WARNING | wait_for_bluestacks_ready:214 | ⚠️ BlueStacks not ready after 60 seconds
2025-07-22 02:03:06 | GameAutomationBot |     INFO | wait_for_bluestacks_ready:215 | 🤷 Proceeding anyway - BlueStacks might be ready but not detected
2025-07-22 02:03:06 | GameAutomationBot |     INFO | open_top_eleven_app:56 | ✅ Top Eleven launch sequence completed successfully
2025-07-22 02:03:06 | GameAutomationBot |     INFO | launch_top_eleven:127 | ✅ Top Eleven launch sequence initiated
2025-07-22 02:03:06 | GameAutomationBot |     INFO | wait_for_bluestacks_ready:184 | ⏳ Waiting for BlueStacks to be ready (timeout: 120s)...
2025-07-22 02:03:06 | GameAutomationBot |    DEBUG | wait_for_bluestacks_ready:201 | 🔍 BlueStacks ready check #1
2025-07-22 02:03:06 | GameAutomationBot |    DEBUG | load_image:39 | Loaded and cached image: Assets/BlueStacks/bluestacks_window.png
2025-07-22 02:03:10 | GameAutomationBot |    DEBUG | wait_for_bluestacks_ready:201 | 🔍 BlueStacks ready check #2
2025-07-22 02:03:10 | GameAutomationBot |    DEBUG | load_image:39 | Loaded and cached image: Assets/BlueStacks/bluestacks_window.png
2025-07-22 02:03:14 | GameAutomationBot |    DEBUG | wait_for_bluestacks_ready:201 | 🔍 BlueStacks ready check #3
2025-07-22 02:03:14 | GameAutomationBot |    DEBUG | load_image:39 | Loaded and cached image: Assets/BlueStacks/bluestacks_window.png
2025-07-22 02:03:18 | GameAutomationBot |    DEBUG | wait_for_bluestacks_ready:201 | 🔍 BlueStacks ready check #4
2025-07-22 02:03:18 | GameAutomationBot |    DEBUG | load_image:39 | Loaded and cached image: Assets/BlueStacks/bluestacks_window.png
2025-07-22 02:03:21 | GameAutomationBot |    DEBUG | wait_for_bluestacks_ready:201 | 🔍 BlueStacks ready check #5
2025-07-22 02:03:21 | GameAutomationBot |    DEBUG | load_image:39 | Loaded and cached image: Assets/BlueStacks/bluestacks_window.png
2025-07-22 02:03:25 | GameAutomationBot |    DEBUG | wait_for_bluestacks_ready:201 | 🔍 BlueStacks ready check #6
2025-07-22 02:03:25 | GameAutomationBot |    DEBUG | load_image:39 | Loaded and cached image: Assets/BlueStacks/bluestacks_window.png
2025-07-22 02:03:29 | GameAutomationBot |    DEBUG | wait_for_bluestacks_ready:201 | 🔍 BlueStacks ready check #7
2025-07-22 02:03:29 | GameAutomationBot |    DEBUG | load_image:39 | Loaded and cached image: Assets/BlueStacks/bluestacks_window.png
2025-07-22 02:03:33 | GameAutomationBot |    DEBUG | wait_for_bluestacks_ready:201 | 🔍 BlueStacks ready check #8
2025-07-22 02:03:33 | GameAutomationBot |    DEBUG | load_image:39 | Loaded and cached image: Assets/BlueStacks/bluestacks_window.png
2025-07-22 02:03:37 | GameAutomationBot |    DEBUG | wait_for_bluestacks_ready:201 | 🔍 BlueStacks ready check #9
2025-07-22 02:03:37 | GameAutomationBot |    DEBUG | load_image:39 | Loaded and cached image: Assets/BlueStacks/bluestacks_window.png
2025-07-22 02:03:40 | GameAutomationBot |    DEBUG | wait_for_bluestacks_ready:201 | 🔍 BlueStacks ready check #10
2025-07-22 02:03:40 | GameAutomationBot |    DEBUG | load_image:39 | Loaded and cached image: Assets/BlueStacks/bluestacks_window.png
2025-07-22 02:03:44 | GameAutomationBot |    DEBUG | wait_for_bluestacks_ready:201 | 🔍 BlueStacks ready check #11
2025-07-22 02:03:44 | GameAutomationBot |    DEBUG | load_image:39 | Loaded and cached image: Assets/BlueStacks/bluestacks_window.png
2025-07-22 02:03:48 | GameAutomationBot |    DEBUG | wait_for_bluestacks_ready:201 | 🔍 BlueStacks ready check #12
2025-07-22 02:03:48 | GameAutomationBot |    DEBUG | load_image:39 | Loaded and cached image: Assets/BlueStacks/bluestacks_window.png
2025-07-22 02:03:51 | GameAutomationBot |    DEBUG | wait_for_bluestacks_ready:201 | 🔍 BlueStacks ready check #13
2025-07-22 02:03:51 | GameAutomationBot |    DEBUG | load_image:39 | Loaded and cached image: Assets/BlueStacks/bluestacks_window.png
2025-07-22 02:03:55 | GameAutomationBot |    DEBUG | wait_for_bluestacks_ready:201 | 🔍 BlueStacks ready check #14
2025-07-22 02:03:55 | GameAutomationBot |    DEBUG | load_image:39 | Loaded and cached image: Assets/BlueStacks/bluestacks_window.png
2025-07-22 02:03:58 | GameAutomationBot |    DEBUG | wait_for_bluestacks_ready:201 | 🔍 BlueStacks ready check #15
2025-07-22 02:03:58 | GameAutomationBot |    DEBUG | load_image:39 | Loaded and cached image: Assets/BlueStacks/bluestacks_window.png
2025-07-22 02:04:02 | GameAutomationBot |    DEBUG | wait_for_bluestacks_ready:201 | 🔍 BlueStacks ready check #16
2025-07-22 02:04:02 | GameAutomationBot |    DEBUG | load_image:39 | Loaded and cached image: Assets/BlueStacks/bluestacks_window.png
2025-07-22 02:04:05 | GameAutomationBot |    DEBUG | wait_for_bluestacks_ready:201 | 🔍 BlueStacks ready check #17
2025-07-22 02:04:05 | GameAutomationBot |    DEBUG | load_image:39 | Loaded and cached image: Assets/BlueStacks/bluestacks_window.png
2025-07-22 02:04:09 | GameAutomationBot |    DEBUG | wait_for_bluestacks_ready:201 | 🔍 BlueStacks ready check #18
2025-07-22 02:04:09 | GameAutomationBot |    DEBUG | load_image:39 | Loaded and cached image: Assets/BlueStacks/bluestacks_window.png
2025-07-22 02:04:13 | GameAutomationBot |    DEBUG | wait_for_bluestacks_ready:201 | 🔍 BlueStacks ready check #19
2025-07-22 02:04:13 | GameAutomationBot |    DEBUG | load_image:39 | Loaded and cached image: Assets/BlueStacks/bluestacks_window.png
2025-07-22 02:04:16 | GameAutomationBot |    DEBUG | wait_for_bluestacks_ready:201 | 🔍 BlueStacks ready check #20
2025-07-22 02:04:16 | GameAutomationBot |    DEBUG | load_image:39 | Loaded and cached image: Assets/BlueStacks/bluestacks_window.png
2025-07-22 02:04:20 | GameAutomationBot |    DEBUG | wait_for_bluestacks_ready:201 | 🔍 BlueStacks ready check #21
2025-07-22 02:04:20 | GameAutomationBot |    DEBUG | load_image:39 | Loaded and cached image: Assets/BlueStacks/bluestacks_window.png
2025-07-22 02:04:23 | GameAutomationBot |    DEBUG | wait_for_bluestacks_ready:201 | 🔍 BlueStacks ready check #22
2025-07-22 02:04:23 | GameAutomationBot |    DEBUG | load_image:39 | Loaded and cached image: Assets/BlueStacks/bluestacks_window.png
2025-07-22 02:04:27 | GameAutomationBot |    DEBUG | wait_for_bluestacks_ready:201 | 🔍 BlueStacks ready check #23
2025-07-22 02:04:27 | GameAutomationBot |    DEBUG | load_image:39 | Loaded and cached image: Assets/BlueStacks/bluestacks_window.png
2025-07-22 02:04:31 | GameAutomationBot |    DEBUG | wait_for_bluestacks_ready:201 | 🔍 BlueStacks ready check #24
2025-07-22 02:04:31 | GameAutomationBot |    DEBUG | load_image:39 | Loaded and cached image: Assets/BlueStacks/bluestacks_window.png
2025-07-22 02:04:34 | GameAutomationBot |    DEBUG | wait_for_bluestacks_ready:201 | 🔍 BlueStacks ready check #25
2025-07-22 02:04:34 | GameAutomationBot |    DEBUG | load_image:39 | Loaded and cached image: Assets/BlueStacks/bluestacks_window.png
2025-07-22 02:04:38 | GameAutomationBot |    DEBUG | wait_for_bluestacks_ready:201 | 🔍 BlueStacks ready check #26
2025-07-22 02:04:38 | GameAutomationBot |    DEBUG | load_image:39 | Loaded and cached image: Assets/BlueStacks/bluestacks_window.png
2025-07-22 02:04:41 | GameAutomationBot |    DEBUG | wait_for_bluestacks_ready:201 | 🔍 BlueStacks ready check #27
2025-07-22 02:04:41 | GameAutomationBot |    DEBUG | load_image:39 | Loaded and cached image: Assets/BlueStacks/bluestacks_window.png
2025-07-22 02:04:45 | GameAutomationBot |    DEBUG | wait_for_bluestacks_ready:201 | 🔍 BlueStacks ready check #28
2025-07-22 02:04:45 | GameAutomationBot |    DEBUG | load_image:39 | Loaded and cached image: Assets/BlueStacks/bluestacks_window.png
2025-07-22 02:04:48 | GameAutomationBot |    DEBUG | wait_for_bluestacks_ready:201 | 🔍 BlueStacks ready check #29
2025-07-22 02:04:48 | GameAutomationBot |    DEBUG | load_image:39 | Loaded and cached image: Assets/BlueStacks/bluestacks_window.png
2025-07-22 02:04:52 | GameAutomationBot |    DEBUG | wait_for_bluestacks_ready:201 | 🔍 BlueStacks ready check #30
2025-07-22 02:04:52 | GameAutomationBot |    DEBUG | load_image:39 | Loaded and cached image: Assets/BlueStacks/bluestacks_window.png
2025-07-22 02:04:56 | GameAutomationBot |    DEBUG | wait_for_bluestacks_ready:201 | 🔍 BlueStacks ready check #31
2025-07-22 02:04:56 | GameAutomationBot |    DEBUG | load_image:39 | Loaded and cached image: Assets/BlueStacks/bluestacks_window.png
2025-07-22 02:04:59 | GameAutomationBot |    DEBUG | wait_for_bluestacks_ready:201 | 🔍 BlueStacks ready check #32
2025-07-22 02:04:59 | GameAutomationBot |    DEBUG | load_image:39 | Loaded and cached image: Assets/BlueStacks/bluestacks_window.png
2025-07-22 02:05:03 | GameAutomationBot |    DEBUG | wait_for_bluestacks_ready:201 | 🔍 BlueStacks ready check #33
2025-07-22 02:05:03 | GameAutomationBot |    DEBUG | load_image:39 | Loaded and cached image: Assets/BlueStacks/bluestacks_window.png
2025-07-22 02:05:07 | GameAutomationBot |  WARNING | wait_for_bluestacks_ready:214 | ⚠️ BlueStacks not ready after 120 seconds
2025-07-22 02:05:07 | GameAutomationBot |     INFO | wait_for_bluestacks_ready:215 | 🤷 Proceeding anyway - BlueStacks might be ready but not detected
2025-07-22 02:05:07 | GameAutomationBot |     INFO | launch_top_eleven:131 | 🎮 BlueStacks is ready for automation
2025-07-22 02:11:36 | GameAutomationBot |     INFO | start_resource_farming:147 | 🌾 Starting YOLO-enhanced resource farming automation...
2025-07-22 02:11:36 | GameAutomationBot |     INFO | start_farming:64 | 🌾 Starting YOLO-enhanced resource farming sequence...
2025-07-22 02:11:36 | GameAutomationBot |     INFO | start_farming:68 | 🔍 Step 1: Looking for rest icon using YOLO...
2025-07-22 02:11:48 | GameAutomationBot |    DEBUG | find_objects_on_screen:394 | 🎯 Found rest_pack at (2174, 171) with confidence 0.54
2025-07-22 02:11:48 | GameAutomationBot |     INFO | find_objects_on_screen:399 | 🔍 YOLO detection found 1 objects
2025-07-22 02:11:48 | GameAutomationBot |     INFO | find_best_match:426 | ✅ Best match: rest_pack (confidence: 0.54)
2025-07-22 02:11:48 | GameAutomationBot |     INFO | start_farming:81 | ✅ Step 1: Found and clicking rest icon
2025-07-22 02:11:48 | GameAutomationBot |     INFO | click_at_point:46 | ✅ Clicked at (2174, 171) using default method
2025-07-22 02:11:48 | GameAutomationBot |     INFO | start_farming:88 | ⏳ Step 2: Waiting for watch ads button to appear...
2025-07-22 02:11:54 | GameAutomationBot |    DEBUG | find_objects_on_screen:394 | 🎯 Found watch_ads_general at (3355, 521) with confidence 0.83
2025-07-22 02:11:54 | GameAutomationBot |    DEBUG | find_objects_on_screen:394 | 🎯 Found watch_ads_general at (3351, 1283) with confidence 0.67
2025-07-22 02:11:54 | GameAutomationBot |     INFO | find_objects_on_screen:399 | 🔍 YOLO detection found 2 objects
2025-07-22 02:11:54 | GameAutomationBot |     INFO | find_best_match:426 | ✅ Best match: watch_ads_general (confidence: 0.83)
2025-07-22 02:11:54 | GameAutomationBot |     INFO | start_farming:97 | ✅ Step 2: Found watch ads button using class: watch_ads_general
2025-07-22 02:11:54 | GameAutomationBot |     INFO | click_at_point:46 | ✅ Clicked at (3355, 521) using default method
2025-07-22 02:11:57 | GameAutomationBot |     INFO | start_farming:109 | 😴 Step 3: Sleeping for 61 seconds...
2025-07-22 02:12:58 | GameAutomationBot |     INFO | start_farming:113 | 🔄 Step 4: Attempting to skip ads using YOLO...
2025-07-22 02:12:58 | GameAutomationBot |     INFO | find_objects_on_screen:399 | 🔍 YOLO detection found 0 objects
2025-07-22 02:12:58 | GameAutomationBot |     INFO | _handle_ads_with_yolo:161 | ❌ No objects found for classes: ['skip_ad']
2025-07-22 02:12:58 | GameAutomationBot |     INFO | start_farming:118 | 🔄 Step 5: No skip ads found, trying close ads...
2025-07-22 02:12:59 | GameAutomationBot |    DEBUG | find_objects_on_screen:394 | 🎯 Found close_ad at (3417, 510) with confidence 0.48
2025-07-22 02:12:59 | GameAutomationBot |     INFO | find_objects_on_screen:399 | 🔍 YOLO detection found 1 objects
2025-07-22 02:12:59 | GameAutomationBot |     INFO | _handle_ads_with_yolo:167 | ✅ Found close_ad with confidence 0.48
2025-07-22 02:12:59 | GameAutomationBot |     INFO | click_at_point:46 | ✅ Clicked at (3417, 510) using default method
2025-07-22 02:12:59 | GameAutomationBot |     INFO | _handle_ads_with_yolo:172 | ✅ Successfully clicked close_ad
2025-07-22 02:13:01 | GameAutomationBot |     INFO | find_objects_on_screen:399 | 🔍 YOLO detection found 0 objects
2025-07-22 02:13:01 | GameAutomationBot |     INFO | start_farming:130 | 🔄 Step 6: Sleeping for 65s - checking for second ad...
2025-07-22 02:14:06 | GameAutomationBot |    DEBUG | find_objects_on_screen:394 | 🎯 Found close_ad at (3417, 510) with confidence 0.52
2025-07-22 02:14:06 | GameAutomationBot |     INFO | find_objects_on_screen:399 | 🔍 YOLO detection found 1 objects
2025-07-22 02:14:06 | GameAutomationBot |     INFO | _handle_ads_with_yolo:167 | ✅ Found close_ad with confidence 0.52
2025-07-22 02:14:06 | GameAutomationBot |     INFO | click_at_point:46 | ✅ Clicked at (3417, 510) using default method
2025-07-22 02:14:06 | GameAutomationBot |     INFO | _handle_ads_with_yolo:172 | ✅ Successfully clicked close_ad
2025-07-22 02:14:07 | GameAutomationBot |     INFO | start_farming:140 | ✅ YOLO-enhanced farming sequence completed successfully
2025-07-22 02:14:07 | GameAutomationBot |    DEBUG | setup_key_handler:70 | Keyboard listener started
2025-07-22 02:14:07 | GameAutomationBot |     INFO | continuous_farming:234 | 🔁 Starting YOLO-enhanced continuous farming (interval: 5s)
2025-07-22 02:14:07 | GameAutomationBot |     INFO | run_farming_cycle:207 | 🔄 Running YOLO-enhanced farming cycle...
2025-07-22 02:14:08 | GameAutomationBot |     INFO | find_objects_on_screen:399 | 🔍 YOLO detection found 0 objects
2025-07-22 02:14:08 | GameAutomationBot |     INFO | _handle_ads_with_yolo:161 | ❌ No objects found for classes: ['close_ad', 'close', 'skip_ad', 'skip', 'x_button']
2025-07-22 02:14:08 | GameAutomationBot |     INFO | start_farming:64 | 🌾 Starting YOLO-enhanced resource farming sequence...
2025-07-22 02:14:08 | GameAutomationBot |     INFO | start_farming:68 | 🔍 Step 1: Looking for rest icon using YOLO...
2025-07-22 02:14:08 | GameAutomationBot |    DEBUG | find_objects_on_screen:394 | 🎯 Found rest_pack at (2174, 172) with confidence 0.82
2025-07-22 02:14:08 | GameAutomationBot |     INFO | find_objects_on_screen:399 | 🔍 YOLO detection found 1 objects
2025-07-22 02:14:08 | GameAutomationBot |     INFO | find_best_match:426 | ✅ Best match: rest_pack (confidence: 0.82)
2025-07-22 02:14:08 | GameAutomationBot |     INFO | start_farming:81 | ✅ Step 1: Found and clicking rest icon
2025-07-22 02:14:09 | GameAutomationBot |     INFO | click_at_point:46 | ✅ Clicked at (2174, 172) using default method
2025-07-22 02:14:09 | GameAutomationBot |     INFO | start_farming:88 | ⏳ Step 2: Waiting for watch ads button to appear...
2025-07-22 02:14:14 | GameAutomationBot |    DEBUG | find_objects_on_screen:394 | 🎯 Found watch_ads_general at (3355, 521) with confidence 0.84
2025-07-22 02:14:14 | GameAutomationBot |    DEBUG | find_objects_on_screen:394 | 🎯 Found watch_ads_general at (3351, 1283) with confidence 0.67
2025-07-22 02:14:14 | GameAutomationBot |     INFO | find_objects_on_screen:399 | 🔍 YOLO detection found 2 objects
2025-07-22 02:14:14 | GameAutomationBot |     INFO | find_best_match:426 | ✅ Best match: watch_ads_general (confidence: 0.84)
2025-07-22 02:14:14 | GameAutomationBot |     INFO | start_farming:97 | ✅ Step 2: Found watch ads button using class: watch_ads_general
2025-07-22 02:14:15 | GameAutomationBot |     INFO | click_at_point:46 | ✅ Clicked at (3355, 521) using default method
2025-07-22 02:14:18 | GameAutomationBot |     INFO | start_farming:109 | 😴 Step 3: Sleeping for 61 seconds...
2025-07-22 02:15:19 | GameAutomationBot |     INFO | start_farming:113 | 🔄 Step 4: Attempting to skip ads using YOLO...
2025-07-22 02:15:19 | GameAutomationBot |     INFO | find_objects_on_screen:399 | 🔍 YOLO detection found 0 objects
2025-07-22 02:15:19 | GameAutomationBot |     INFO | _handle_ads_with_yolo:161 | ❌ No objects found for classes: ['skip_ad']
2025-07-22 02:15:19 | GameAutomationBot |     INFO | start_farming:118 | 🔄 Step 5: No skip ads found, trying close ads...
2025-07-22 02:15:20 | GameAutomationBot |    DEBUG | find_objects_on_screen:394 | 🎯 Found close_ad at (3417, 510) with confidence 0.53
2025-07-22 02:15:20 | GameAutomationBot |     INFO | find_objects_on_screen:399 | 🔍 YOLO detection found 1 objects
2025-07-22 02:15:20 | GameAutomationBot |     INFO | _handle_ads_with_yolo:167 | ✅ Found close_ad with confidence 0.53
2025-07-22 02:15:20 | GameAutomationBot |     INFO | click_at_point:46 | ✅ Clicked at (3417, 510) using default method
2025-07-22 02:15:20 | GameAutomationBot |     INFO | _handle_ads_with_yolo:172 | ✅ Successfully clicked close_ad
2025-07-22 02:15:21 | GameAutomationBot |     INFO | find_objects_on_screen:399 | 🔍 YOLO detection found 0 objects
2025-07-22 02:15:21 | GameAutomationBot |     INFO | start_farming:130 | 🔄 Step 6: Sleeping for 65s - checking for second ad...
2025-07-22 02:16:27 | GameAutomationBot |    DEBUG | find_objects_on_screen:394 | 🎯 Found close_ad at (3417, 510) with confidence 0.50
2025-07-22 02:16:27 | GameAutomationBot |     INFO | find_objects_on_screen:399 | 🔍 YOLO detection found 1 objects
2025-07-22 02:16:27 | GameAutomationBot |     INFO | _handle_ads_with_yolo:167 | ✅ Found close_ad with confidence 0.50
2025-07-22 02:16:27 | GameAutomationBot |     INFO | click_at_point:46 | ✅ Clicked at (3417, 510) using default method
2025-07-22 02:16:27 | GameAutomationBot |     INFO | _handle_ads_with_yolo:172 | ✅ Successfully clicked close_ad
2025-07-22 02:16:28 | GameAutomationBot |     INFO | start_farming:140 | ✅ YOLO-enhanced farming sequence completed successfully
2025-07-22 02:16:28 | GameAutomationBot |     INFO | run_farming_cycle:221 | ✅ YOLO-enhanced farming sequence completed successfully
2025-07-22 02:16:28 | GameAutomationBot |     INFO | continuous_farming:244 | 📊 Farming cycle results: {'ads_handled': False, 'rewards_collected': False, 'rest_clicked': True, 'cycle_time': 1753161247.9853332, 'sequence_completed': True, 'yolo_enabled': True}
2025-07-22 02:16:28 | GameAutomationBot |     INFO | continuous_farming:247 | 🌱 Greens collected: 1/25
2025-07-22 02:16:28 | GameAutomationBot |     INFO | continuous_farming:250 | ⏰ Waiting 5s until next cycle...
2025-07-22 02:16:33 | GameAutomationBot |     INFO | run_farming_cycle:207 | 🔄 Running YOLO-enhanced farming cycle...
2025-07-22 02:16:34 | GameAutomationBot |     INFO | find_objects_on_screen:399 | 🔍 YOLO detection found 0 objects
2025-07-22 02:16:34 | GameAutomationBot |     INFO | _handle_ads_with_yolo:161 | ❌ No objects found for classes: ['close_ad', 'close', 'skip_ad', 'skip', 'x_button']
2025-07-22 02:16:34 | GameAutomationBot |     INFO | start_farming:64 | 🌾 Starting YOLO-enhanced resource farming sequence...
2025-07-22 02:16:34 | GameAutomationBot |     INFO | start_farming:68 | 🔍 Step 1: Looking for rest icon using YOLO...
2025-07-22 02:16:34 | GameAutomationBot |    DEBUG | find_objects_on_screen:394 | 🎯 Found rest_pack at (2174, 172) with confidence 0.82
2025-07-22 02:16:34 | GameAutomationBot |     INFO | find_objects_on_screen:399 | 🔍 YOLO detection found 1 objects
2025-07-22 02:16:34 | GameAutomationBot |     INFO | find_best_match:426 | ✅ Best match: rest_pack (confidence: 0.82)
2025-07-22 02:16:34 | GameAutomationBot |     INFO | start_farming:81 | ✅ Step 1: Found and clicking rest icon
2025-07-22 02:16:34 | GameAutomationBot |     INFO | click_at_point:46 | ✅ Clicked at (2174, 172) using default method
2025-07-22 02:16:34 | GameAutomationBot |     INFO | start_farming:88 | ⏳ Step 2: Waiting for watch ads button to appear...
2025-07-22 02:16:40 | GameAutomationBot |    DEBUG | find_objects_on_screen:394 | 🎯 Found watch_ads_general at (3355, 521) with confidence 0.85
2025-07-22 02:16:40 | GameAutomationBot |    DEBUG | find_objects_on_screen:394 | 🎯 Found watch_ads_general at (3351, 1283) with confidence 0.70
2025-07-22 02:16:40 | GameAutomationBot |     INFO | find_objects_on_screen:399 | 🔍 YOLO detection found 2 objects
2025-07-22 02:16:40 | GameAutomationBot |     INFO | find_best_match:426 | ✅ Best match: watch_ads_general (confidence: 0.85)
2025-07-22 02:16:40 | GameAutomationBot |     INFO | start_farming:97 | ✅ Step 2: Found watch ads button using class: watch_ads_general
2025-07-22 02:16:40 | GameAutomationBot |     INFO | click_at_point:46 | ✅ Clicked at (3355, 521) using default method
2025-07-22 02:16:43 | GameAutomationBot |     INFO | start_farming:109 | 😴 Step 3: Sleeping for 61 seconds...
2025-07-22 02:17:44 | GameAutomationBot |     INFO | start_farming:113 | 🔄 Step 4: Attempting to skip ads using YOLO...
2025-07-22 02:17:45 | GameAutomationBot |     INFO | find_objects_on_screen:399 | 🔍 YOLO detection found 0 objects
2025-07-22 02:17:45 | GameAutomationBot |     INFO | _handle_ads_with_yolo:161 | ❌ No objects found for classes: ['skip_ad']
2025-07-22 02:17:45 | GameAutomationBot |     INFO | start_farming:118 | 🔄 Step 5: No skip ads found, trying close ads...
2025-07-22 02:17:45 | GameAutomationBot |    DEBUG | find_objects_on_screen:394 | 🎯 Found close_ad at (3417, 510) with confidence 0.53
2025-07-22 02:17:45 | GameAutomationBot |     INFO | find_objects_on_screen:399 | 🔍 YOLO detection found 1 objects
2025-07-22 02:17:45 | GameAutomationBot |     INFO | _handle_ads_with_yolo:167 | ✅ Found close_ad with confidence 0.53
2025-07-22 02:17:46 | GameAutomationBot |     INFO | click_at_point:46 | ✅ Clicked at (3417, 510) using default method
2025-07-22 02:17:46 | GameAutomationBot |     INFO | _handle_ads_with_yolo:172 | ✅ Successfully clicked close_ad
2025-07-22 02:17:47 | GameAutomationBot |     INFO | find_objects_on_screen:399 | 🔍 YOLO detection found 0 objects
2025-07-22 02:17:47 | GameAutomationBot |     INFO | start_farming:130 | 🔄 Step 6: Sleeping for 65s - checking for second ad...
2025-07-22 02:18:52 | GameAutomationBot |    DEBUG | find_objects_on_screen:394 | 🎯 Found close_ad at (3416, 509) with confidence 0.56
2025-07-22 02:18:52 | GameAutomationBot |     INFO | find_objects_on_screen:399 | 🔍 YOLO detection found 1 objects
2025-07-22 02:18:52 | GameAutomationBot |     INFO | _handle_ads_with_yolo:167 | ✅ Found close_ad with confidence 0.56
2025-07-22 02:18:53 | GameAutomationBot |     INFO | click_at_point:46 | ✅ Clicked at (3416, 509) using default method
2025-07-22 02:18:53 | GameAutomationBot |     INFO | _handle_ads_with_yolo:172 | ✅ Successfully clicked close_ad
2025-07-22 02:18:54 | GameAutomationBot |     INFO | start_farming:140 | ✅ YOLO-enhanced farming sequence completed successfully
2025-07-22 02:18:54 | GameAutomationBot |     INFO | run_farming_cycle:221 | ✅ YOLO-enhanced farming sequence completed successfully
2025-07-22 02:18:54 | GameAutomationBot |     INFO | continuous_farming:244 | 📊 Farming cycle results: {'ads_handled': False, 'rewards_collected': False, 'rest_clicked': True, 'cycle_time': 1753161393.7140079, 'sequence_completed': True, 'yolo_enabled': True}
2025-07-22 02:18:54 | GameAutomationBot |     INFO | continuous_farming:247 | 🌱 Greens collected: 2/25
2025-07-22 02:18:54 | GameAutomationBot |     INFO | continuous_farming:250 | ⏰ Waiting 5s until next cycle...
2025-07-22 02:18:59 | GameAutomationBot |     INFO | run_farming_cycle:207 | 🔄 Running YOLO-enhanced farming cycle...
2025-07-22 02:18:59 | GameAutomationBot |     INFO | find_objects_on_screen:399 | 🔍 YOLO detection found 0 objects
2025-07-22 02:18:59 | GameAutomationBot |     INFO | _handle_ads_with_yolo:161 | ❌ No objects found for classes: ['close_ad', 'close', 'skip_ad', 'skip', 'x_button']
2025-07-22 02:18:59 | GameAutomationBot |     INFO | start_farming:64 | 🌾 Starting YOLO-enhanced resource farming sequence...
2025-07-22 02:18:59 | GameAutomationBot |     INFO | start_farming:68 | 🔍 Step 1: Looking for rest icon using YOLO...
2025-07-22 02:18:59 | GameAutomationBot |    DEBUG | find_objects_on_screen:394 | 🎯 Found rest_pack at (2174, 172) with confidence 0.81
2025-07-22 02:18:59 | GameAutomationBot |     INFO | find_objects_on_screen:399 | 🔍 YOLO detection found 1 objects
2025-07-22 02:18:59 | GameAutomationBot |     INFO | find_best_match:426 | ✅ Best match: rest_pack (confidence: 0.81)
2025-07-22 02:18:59 | GameAutomationBot |     INFO | start_farming:81 | ✅ Step 1: Found and clicking rest icon
2025-07-22 02:19:00 | GameAutomationBot |     INFO | click_at_point:46 | ✅ Clicked at (2174, 172) using default method
2025-07-22 02:19:00 | GameAutomationBot |     INFO | start_farming:88 | ⏳ Step 2: Waiting for watch ads button to appear...
2025-07-22 02:19:05 | GameAutomationBot |    DEBUG | find_objects_on_screen:394 | 🎯 Found watch_ads_general at (3351, 523) with confidence 0.84
2025-07-22 02:19:05 | GameAutomationBot |    DEBUG | find_objects_on_screen:394 | 🎯 Found watch_ads_general at (3351, 1283) with confidence 0.61
2025-07-22 02:19:05 | GameAutomationBot |     INFO | find_objects_on_screen:399 | 🔍 YOLO detection found 2 objects
2025-07-22 02:19:05 | GameAutomationBot |     INFO | find_best_match:426 | ✅ Best match: watch_ads_general (confidence: 0.84)
2025-07-22 02:19:05 | GameAutomationBot |     INFO | start_farming:97 | ✅ Step 2: Found watch ads button using class: watch_ads_general
2025-07-22 02:19:06 | GameAutomationBot |     INFO | click_at_point:46 | ✅ Clicked at (3351, 523) using default method
2025-07-22 02:19:09 | GameAutomationBot |     INFO | start_farming:109 | 😴 Step 3: Sleeping for 61 seconds...
2025-07-22 02:20:10 | GameAutomationBot |     INFO | start_farming:113 | 🔄 Step 4: Attempting to skip ads using YOLO...
2025-07-22 02:20:10 | GameAutomationBot |     INFO | find_objects_on_screen:399 | 🔍 YOLO detection found 0 objects
2025-07-22 02:20:10 | GameAutomationBot |     INFO | _handle_ads_with_yolo:161 | ❌ No objects found for classes: ['skip_ad']
2025-07-22 02:20:10 | GameAutomationBot |     INFO | start_farming:118 | 🔄 Step 5: No skip ads found, trying close ads...
2025-07-22 02:20:10 | GameAutomationBot |    DEBUG | find_objects_on_screen:394 | 🎯 Found close_ad at (3417, 510) with confidence 0.47
2025-07-22 02:20:10 | GameAutomationBot |     INFO | find_objects_on_screen:399 | 🔍 YOLO detection found 1 objects
2025-07-22 02:20:10 | GameAutomationBot |     INFO | _handle_ads_with_yolo:167 | ✅ Found close_ad with confidence 0.47
2025-07-22 02:20:11 | GameAutomationBot |     INFO | click_at_point:46 | ✅ Clicked at (3417, 510) using default method
2025-07-22 02:20:11 | GameAutomationBot |     INFO | _handle_ads_with_yolo:172 | ✅ Successfully clicked close_ad
2025-07-22 02:20:12 | GameAutomationBot |     INFO | find_objects_on_screen:399 | 🔍 YOLO detection found 0 objects
2025-07-22 02:20:12 | GameAutomationBot |     INFO | start_farming:130 | 🔄 Step 6: Sleeping for 65s - checking for second ad...
2025-07-22 02:21:18 | GameAutomationBot |    DEBUG | find_objects_on_screen:394 | 🎯 Found close_ad at (3417, 510) with confidence 0.56
2025-07-22 02:21:18 | GameAutomationBot |     INFO | find_objects_on_screen:399 | 🔍 YOLO detection found 1 objects
2025-07-22 02:21:18 | GameAutomationBot |     INFO | _handle_ads_with_yolo:167 | ✅ Found close_ad with confidence 0.56
2025-07-22 02:21:18 | GameAutomationBot |     INFO | click_at_point:46 | ✅ Clicked at (3417, 510) using default method
2025-07-22 02:21:18 | GameAutomationBot |     INFO | _handle_ads_with_yolo:172 | ✅ Successfully clicked close_ad
2025-07-22 02:21:19 | GameAutomationBot |     INFO | start_farming:140 | ✅ YOLO-enhanced farming sequence completed successfully
2025-07-22 02:21:19 | GameAutomationBot |     INFO | run_farming_cycle:221 | ✅ YOLO-enhanced farming sequence completed successfully
2025-07-22 02:21:19 | GameAutomationBot |     INFO | continuous_farming:244 | 📊 Farming cycle results: {'ads_handled': False, 'rewards_collected': False, 'rest_clicked': True, 'cycle_time': 1753161539.1706252, 'sequence_completed': True, 'yolo_enabled': True}
2025-07-22 02:21:19 | GameAutomationBot |     INFO | continuous_farming:247 | 🌱 Greens collected: 3/25
2025-07-22 02:21:19 | GameAutomationBot |     INFO | continuous_farming:250 | ⏰ Waiting 5s until next cycle...
2025-07-22 02:21:24 | GameAutomationBot |     INFO | run_farming_cycle:207 | 🔄 Running YOLO-enhanced farming cycle...
2025-07-22 02:21:24 | GameAutomationBot |     INFO | find_objects_on_screen:399 | 🔍 YOLO detection found 0 objects
2025-07-22 02:21:24 | GameAutomationBot |     INFO | _handle_ads_with_yolo:161 | ❌ No objects found for classes: ['close_ad', 'close', 'skip_ad', 'skip', 'x_button']
2025-07-22 02:21:24 | GameAutomationBot |     INFO | start_farming:64 | 🌾 Starting YOLO-enhanced resource farming sequence...
2025-07-22 02:21:24 | GameAutomationBot |     INFO | start_farming:68 | 🔍 Step 1: Looking for rest icon using YOLO...
2025-07-22 02:21:25 | GameAutomationBot |    DEBUG | find_objects_on_screen:394 | 🎯 Found rest_pack at (2174, 172) with confidence 0.82
2025-07-22 02:21:25 | GameAutomationBot |     INFO | find_objects_on_screen:399 | 🔍 YOLO detection found 1 objects
2025-07-22 02:21:25 | GameAutomationBot |     INFO | find_best_match:426 | ✅ Best match: rest_pack (confidence: 0.82)
2025-07-22 02:21:25 | GameAutomationBot |     INFO | start_farming:81 | ✅ Step 1: Found and clicking rest icon
2025-07-22 02:21:25 | GameAutomationBot |     INFO | click_at_point:46 | ✅ Clicked at (2174, 172) using default method
2025-07-22 02:21:25 | GameAutomationBot |     INFO | start_farming:88 | ⏳ Step 2: Waiting for watch ads button to appear...
2025-07-22 02:21:31 | GameAutomationBot |     INFO | find_objects_on_screen:399 | 🔍 YOLO detection found 0 objects
2025-07-22 02:21:31 | GameAutomationBot |    ERROR | start_farming:103 | ❌ Watch ads button not found with YOLO
2025-07-22 02:21:31 | GameAutomationBot |     INFO | save_annotated_screenshot:556 | 📸 Annotated screenshot saved: logs\watch_ads_not_found_yolo.png
2025-07-22 02:21:31 | GameAutomationBot |  WARNING | run_farming_cycle:223 | ⚠️ Farming sequence failed - will retry in next cycle
2025-07-22 02:21:31 | GameAutomationBot |     INFO | continuous_farming:244 | 📊 Farming cycle results: {'ads_handled': False, 'rewards_collected': False, 'rest_clicked': False, 'cycle_time': 1753161684.5473828, 'sequence_completed': False, 'yolo_enabled': True}
2025-07-22 02:21:31 | GameAutomationBot |     INFO | continuous_farming:257 | 🏁 YOLO-enhanced continuous farming stopped. Total greens: 3
