2025-07-19 11:23:53 | GameAutomationBot |     INFO | initialize:47 | Configuration loaded and validated successfully
2025-07-19 11:23:53 | GameAutomationBot |     INFO | initialize:58 | Bot modules initialized successfully
2025-07-19 11:23:53 | GameAutomationBot |     INFO | run_interactive_mode:156 | Starting simplified interactive mode...
2025-07-19 11:24:13 | GameAutomationBot |     INFO | launch_top_eleven:91 | 🚀 Launching Top Eleven on BlueStacks...
2025-07-19 11:24:13 | GameAutomationBot |     INFO | optimize_for_bluestacks:217 | Applied BlueStacks optimizations
2025-07-19 11:24:13 | GameAutomationBot |     INFO | _open_windows_start_menu:75 | 🔍 Step 1: Opening Windows start menu...
2025-07-19 11:24:13 | GameAutomationBot |    DEBUG | load_image:39 | Loaded and cached image: Assets/Windows/start_icon_dark_mode.png
2025-07-19 11:24:14 | GameAutomationBot |    DEBUG | load_image:39 | Loaded and cached image: Assets/Windows/start_icon_light_mode.png
2025-07-19 11:24:14 | GameAutomationBot |    DEBUG | find_image_on_screen:59 | Image found at coordinates: (809, 2076)
2025-07-19 11:24:14 | GameAutomationBot |     INFO | click_at_point:46 | ✅ Clicked at (809, 2076) using default method
2025-07-19 11:24:14 | GameAutomationBot |     INFO | _open_windows_start_menu:99 | ✅ Clicked Windows start icon (light mode)
2025-07-19 11:24:15 | GameAutomationBot |     INFO | _launch_bluestacks:116 | 🔍 Step 2: Launching BlueStacks...
2025-07-19 11:24:15 | GameAutomationBot |    DEBUG | key_boardtype:90 | Typing characters: ('B', 'l', 'u', 'e', 'S', 't', 'a', 'c', 'k', 's')
2025-07-19 11:24:17 | GameAutomationBot |     INFO | key_boardtype:115 | ✅ Successfully typed 10 character(s)/string(s)
2025-07-19 11:24:19 | GameAutomationBot |    DEBUG | key_boardtype:90 | Typing characters: ('enter',)
2025-07-19 11:24:19 | GameAutomationBot |     INFO | key_boardtype:115 | ✅ Successfully typed 1 character(s)/string(s)
2025-07-19 11:24:19 | GameAutomationBot |     INFO | _launch_bluestacks:128 | ✅ BlueStacks launch initiated
2025-07-19 11:24:19 | GameAutomationBot |     INFO | _wait_for_bluestacks_ready:138 | ⏳ Step 3: Waiting for BlueStacks to be ready...
2025-07-19 11:24:19 | GameAutomationBot |     INFO | wait_for_bluestacks_ready:280 | ⏳ Waiting for BlueStacks to be ready (timeout: 60s)...
2025-07-19 11:24:19 | GameAutomationBot |    DEBUG | wait_for_bluestacks_ready:297 | 🔍 BlueStacks ready check #1
2025-07-19 11:24:19 | GameAutomationBot |    DEBUG | load_image:39 | Loaded and cached image: Assets/BlueStacks/bluestacks_window.png
2025-07-19 11:24:23 | GameAutomationBot |    DEBUG | wait_for_bluestacks_ready:297 | 🔍 BlueStacks ready check #2
2025-07-19 11:24:23 | GameAutomationBot |    DEBUG | load_image:39 | Loaded and cached image: Assets/BlueStacks/bluestacks_window.png
2025-07-19 11:24:26 | GameAutomationBot |    DEBUG | wait_for_bluestacks_ready:297 | 🔍 BlueStacks ready check #3
2025-07-19 11:24:26 | GameAutomationBot |    DEBUG | load_image:39 | Loaded and cached image: Assets/BlueStacks/bluestacks_window.png
2025-07-19 11:24:30 | GameAutomationBot |    DEBUG | wait_for_bluestacks_ready:297 | 🔍 BlueStacks ready check #4
2025-07-19 11:24:30 | GameAutomationBot |    DEBUG | load_image:39 | Loaded and cached image: Assets/BlueStacks/bluestacks_window.png
2025-07-19 11:24:34 | GameAutomationBot |    DEBUG | wait_for_bluestacks_ready:297 | 🔍 BlueStacks ready check #5
2025-07-19 11:24:34 | GameAutomationBot |    DEBUG | load_image:39 | Loaded and cached image: Assets/BlueStacks/bluestacks_window.png
2025-07-19 11:24:38 | GameAutomationBot |    DEBUG | wait_for_bluestacks_ready:297 | 🔍 BlueStacks ready check #6
2025-07-19 11:24:38 | GameAutomationBot |    DEBUG | load_image:39 | Loaded and cached image: Assets/BlueStacks/bluestacks_window.png
2025-07-19 11:24:42 | GameAutomationBot |    DEBUG | wait_for_bluestacks_ready:297 | 🔍 BlueStacks ready check #7
2025-07-19 11:24:42 | GameAutomationBot |    DEBUG | load_image:39 | Loaded and cached image: Assets/BlueStacks/bluestacks_window.png
2025-07-19 11:24:46 | GameAutomationBot |    DEBUG | wait_for_bluestacks_ready:297 | 🔍 BlueStacks ready check #8
2025-07-19 11:24:46 | GameAutomationBot |    DEBUG | load_image:39 | Loaded and cached image: Assets/BlueStacks/bluestacks_window.png
2025-07-19 11:24:50 | GameAutomationBot |    DEBUG | wait_for_bluestacks_ready:297 | 🔍 BlueStacks ready check #9
2025-07-19 11:24:50 | GameAutomationBot |    DEBUG | load_image:39 | Loaded and cached image: Assets/BlueStacks/bluestacks_window.png
2025-07-19 11:24:54 | GameAutomationBot |    DEBUG | wait_for_bluestacks_ready:297 | 🔍 BlueStacks ready check #10
2025-07-19 11:24:54 | GameAutomationBot |    DEBUG | load_image:39 | Loaded and cached image: Assets/BlueStacks/bluestacks_window.png
2025-07-19 11:24:58 | GameAutomationBot |    DEBUG | wait_for_bluestacks_ready:297 | 🔍 BlueStacks ready check #11
2025-07-19 11:24:58 | GameAutomationBot |    DEBUG | load_image:39 | Loaded and cached image: Assets/BlueStacks/bluestacks_window.png
2025-07-19 11:25:02 | GameAutomationBot |    DEBUG | wait_for_bluestacks_ready:297 | 🔍 BlueStacks ready check #12
2025-07-19 11:25:02 | GameAutomationBot |    DEBUG | load_image:39 | Loaded and cached image: Assets/BlueStacks/bluestacks_window.png
2025-07-19 11:25:06 | GameAutomationBot |    DEBUG | wait_for_bluestacks_ready:297 | 🔍 BlueStacks ready check #13
2025-07-19 11:25:06 | GameAutomationBot |    DEBUG | load_image:39 | Loaded and cached image: Assets/BlueStacks/bluestacks_window.png
2025-07-19 11:25:09 | GameAutomationBot |    DEBUG | wait_for_bluestacks_ready:297 | 🔍 BlueStacks ready check #14
2025-07-19 11:25:09 | GameAutomationBot |    DEBUG | load_image:39 | Loaded and cached image: Assets/BlueStacks/bluestacks_window.png
2025-07-19 11:25:13 | GameAutomationBot |    DEBUG | wait_for_bluestacks_ready:297 | 🔍 BlueStacks ready check #15
2025-07-19 11:25:13 | GameAutomationBot |    DEBUG | load_image:39 | Loaded and cached image: Assets/BlueStacks/bluestacks_window.png
2025-07-19 11:25:17 | GameAutomationBot |    DEBUG | wait_for_bluestacks_ready:297 | 🔍 BlueStacks ready check #16
2025-07-19 11:25:17 | GameAutomationBot |    DEBUG | load_image:39 | Loaded and cached image: Assets/BlueStacks/bluestacks_window.png
2025-07-19 11:25:21 | GameAutomationBot |  WARNING | wait_for_bluestacks_ready:310 | ⚠️ BlueStacks not ready after 60 seconds
2025-07-19 11:25:21 | GameAutomationBot |     INFO | wait_for_bluestacks_ready:311 | 🤷 Proceeding anyway - BlueStacks might be ready but not detected
2025-07-19 11:25:21 | GameAutomationBot |     INFO | _navigate_to_bluestacks_home:148 | 🔍 Step 4: Navigating to BlueStacks home...
2025-07-19 11:25:21 | GameAutomationBot |    DEBUG | load_image:39 | Loaded and cached image: Assets/BlueStacks/BlueStack_homeButton.png
2025-07-19 11:25:21 | GameAutomationBot |  WARNING | _navigate_to_bluestacks_home:169 | ⚠️ BlueStacks home button not found on screen
2025-07-19 11:25:21 | GameAutomationBot |     INFO | _launch_top_eleven:180 | 🔍 Step 5: Launching Top Eleven app...
2025-07-19 11:25:21 | GameAutomationBot |     INFO | _launch_top_eleven:183 | ⏳ Waiting for home screen to be ready...
2025-07-19 11:25:26 | GameAutomationBot |    DEBUG | load_image:39 | Loaded and cached image: Assets/BlueStacks/top_eleven.png
2025-07-19 11:25:27 | GameAutomationBot |    ERROR | _launch_top_eleven:205 | ❌ Top Eleven app not found on screen, point None top_eleven_image <class 'PIL.PngImagePlugin.PngImageFile'>
2025-07-19 11:25:27 | GameAutomationBot |    ERROR | launch_top_eleven:112 | ❌ Failed to launch Top Eleven
2025-07-19 11:27:20 | GameAutomationBot |     INFO | signal_handler:207 | 📡 Received signal 2 - shutting down gracefully...
2025-07-19 11:27:20 | GameAutomationBot |     INFO | stop_farming:226 | 🛑 Stopping resource farming...
2025-07-19 11:27:20 | GameAutomationBot |     INFO | cleanup:199 | ✅ Cleanup completed
