2025-08-01 20:18:01 | GameAutomationBot |     INFO | initialize:48 | Configuration loaded and validated successfully
2025-08-01 20:18:01 | GameAutomationBot |     INFO | initialize:52 | 🤖 YOLO11 model will be used: models/best.pt
2025-08-01 20:18:01 | GameAutomationBot |     INFO | _load_model:320 | ✅ YOLO11 model loaded successfully from: models\best.pt
2025-08-01 20:18:01 | GameAutomationBot |     INFO | _load_model:325 | 📋 Model classes: ['cash_pack', 'close_ad', 'daily_rewards_Question', 'daily_rewards_options', 'daily_rewards_watch_ads', 'medic_pack', 'morale_pack', 'no_ads_green', 'rest_pack', 'skip_ad', 'watch_ads_general', 'windows_button']
2025-08-01 20:18:01 | GameAutomationBot |     INFO | __init__:30 | ✅ YOLO11 detection enabled
2025-08-01 20:18:01 | GameAutomationBot |     INFO | initialize:69 | 🔍 Detection method: YOLO11
2025-08-01 20:18:01 | GameAutomationBot |     INFO | initialize:72 | 📋 Model classes: ['cash_pack', 'close_ad', 'daily_rewards_Question', 'daily_rewards_options', 'daily_rewards_watch_ads', 'medic_pack', 'morale_pack', 'no_ads_green', 'rest_pack', 'skip_ad', 'watch_ads_general', 'windows_button']
2025-08-01 20:18:01 | GameAutomationBot |     INFO | initialize:78 | Bot modules initialized successfully
2025-08-01 20:18:01 | GameAutomationBot |     INFO | run_interactive_mode:248 | Starting YOLO-enhanced interactive mode...
2025-08-01 20:18:12 | GameAutomationBot |     INFO | launch_top_eleven:117 | 🚀 Launching Top Eleven on BlueStacks...
2025-08-01 20:18:12 | GameAutomationBot |     INFO | optimize_for_bluestacks:121 | Applied BlueStacks optimizations
2025-08-01 20:18:12 | GameAutomationBot |     INFO | _open_windows_search:66 | 🔍 Step 1: Opening Windows search...
2025-08-01 20:18:14 | GameAutomationBot |     INFO | _open_windows_search:77 | ✅ Windows search opened
2025-08-01 20:18:14 | GameAutomationBot |     INFO | _launch_bluestacks:86 | 🔍 Step 2: Launching BlueStacks...
2025-08-01 20:18:14 | GameAutomationBot |    DEBUG | key_boardtype:90 | Typing characters: ('t', 'o', 'p', ' ', 'e', 'l', 'e', 'v', 'e', 'n')
2025-08-01 20:18:16 | GameAutomationBot |     INFO | key_boardtype:115 | ✅ Successfully typed 10 character(s)/string(s)
2025-08-01 20:18:18 | GameAutomationBot |    DEBUG | key_boardtype:90 | Typing characters: ('enter',)
2025-08-01 20:18:18 | GameAutomationBot |     INFO | key_boardtype:115 | ✅ Successfully typed 1 character(s)/string(s)
2025-08-01 20:18:18 | GameAutomationBot |     INFO | _launch_bluestacks:98 | ✅ BlueStacks launch initiated
2025-08-01 20:18:18 | GameAutomationBot |     INFO | _wait_for_bluestacks_ready:108 | ⏳ Step 3: Waiting for BlueStacks to be ready...
2025-08-01 20:18:18 | GameAutomationBot |     INFO | wait_for_bluestacks_ready:184 | ⏳ Waiting for BlueStacks to be ready (timeout: 60s)...
2025-08-01 20:18:18 | GameAutomationBot |    DEBUG | wait_for_bluestacks_ready:201 | 🔍 BlueStacks ready check #1
2025-08-01 20:18:18 | GameAutomationBot |    DEBUG | load_image:39 | Loaded and cached image: Assets/BlueStacks/bluestacks_window.png
2025-08-01 20:18:22 | GameAutomationBot |    DEBUG | wait_for_bluestacks_ready:201 | 🔍 BlueStacks ready check #2
2025-08-01 20:18:22 | GameAutomationBot |    DEBUG | load_image:39 | Loaded and cached image: Assets/BlueStacks/bluestacks_window.png
2025-08-01 20:18:25 | GameAutomationBot |    DEBUG | wait_for_bluestacks_ready:201 | 🔍 BlueStacks ready check #3
2025-08-01 20:18:25 | GameAutomationBot |    DEBUG | load_image:39 | Loaded and cached image: Assets/BlueStacks/bluestacks_window.png
2025-08-01 20:18:29 | GameAutomationBot |    DEBUG | wait_for_bluestacks_ready:201 | 🔍 BlueStacks ready check #4
2025-08-01 20:18:29 | GameAutomationBot |    DEBUG | load_image:39 | Loaded and cached image: Assets/BlueStacks/bluestacks_window.png
2025-08-01 20:18:32 | GameAutomationBot |    DEBUG | wait_for_bluestacks_ready:201 | 🔍 BlueStacks ready check #5
2025-08-01 20:18:32 | GameAutomationBot |    DEBUG | load_image:39 | Loaded and cached image: Assets/BlueStacks/bluestacks_window.png
2025-08-01 20:18:36 | GameAutomationBot |    DEBUG | wait_for_bluestacks_ready:201 | 🔍 BlueStacks ready check #6
2025-08-01 20:18:36 | GameAutomationBot |    DEBUG | load_image:39 | Loaded and cached image: Assets/BlueStacks/bluestacks_window.png
2025-08-01 20:18:40 | GameAutomationBot |    DEBUG | wait_for_bluestacks_ready:201 | 🔍 BlueStacks ready check #7
2025-08-01 20:18:40 | GameAutomationBot |    DEBUG | load_image:39 | Loaded and cached image: Assets/BlueStacks/bluestacks_window.png
2025-08-01 20:18:43 | GameAutomationBot |    DEBUG | wait_for_bluestacks_ready:201 | 🔍 BlueStacks ready check #8
2025-08-01 20:18:43 | GameAutomationBot |    DEBUG | load_image:39 | Loaded and cached image: Assets/BlueStacks/bluestacks_window.png
2025-08-01 20:18:47 | GameAutomationBot |    DEBUG | wait_for_bluestacks_ready:201 | 🔍 BlueStacks ready check #9
2025-08-01 20:18:47 | GameAutomationBot |    DEBUG | load_image:39 | Loaded and cached image: Assets/BlueStacks/bluestacks_window.png
2025-08-01 20:18:51 | GameAutomationBot |    DEBUG | wait_for_bluestacks_ready:201 | 🔍 BlueStacks ready check #10
2025-08-01 20:18:51 | GameAutomationBot |    DEBUG | load_image:39 | Loaded and cached image: Assets/BlueStacks/bluestacks_window.png
2025-08-01 20:18:54 | GameAutomationBot |    DEBUG | wait_for_bluestacks_ready:201 | 🔍 BlueStacks ready check #11
2025-08-01 20:18:54 | GameAutomationBot |    DEBUG | load_image:39 | Loaded and cached image: Assets/BlueStacks/bluestacks_window.png
2025-08-01 20:18:58 | GameAutomationBot |    DEBUG | wait_for_bluestacks_ready:201 | 🔍 BlueStacks ready check #12
2025-08-01 20:18:58 | GameAutomationBot |    DEBUG | load_image:39 | Loaded and cached image: Assets/BlueStacks/bluestacks_window.png
2025-08-01 20:19:02 | GameAutomationBot |    DEBUG | wait_for_bluestacks_ready:201 | 🔍 BlueStacks ready check #13
2025-08-01 20:19:02 | GameAutomationBot |    DEBUG | load_image:39 | Loaded and cached image: Assets/BlueStacks/bluestacks_window.png
2025-08-01 20:19:05 | GameAutomationBot |    DEBUG | wait_for_bluestacks_ready:201 | 🔍 BlueStacks ready check #14
2025-08-01 20:19:05 | GameAutomationBot |    DEBUG | load_image:39 | Loaded and cached image: Assets/BlueStacks/bluestacks_window.png
2025-08-01 20:19:09 | GameAutomationBot |    DEBUG | wait_for_bluestacks_ready:201 | 🔍 BlueStacks ready check #15
2025-08-01 20:19:09 | GameAutomationBot |    DEBUG | load_image:39 | Loaded and cached image: Assets/BlueStacks/bluestacks_window.png
2025-08-01 20:19:12 | GameAutomationBot |    DEBUG | wait_for_bluestacks_ready:201 | 🔍 BlueStacks ready check #16
2025-08-01 20:19:12 | GameAutomationBot |    DEBUG | load_image:39 | Loaded and cached image: Assets/BlueStacks/bluestacks_window.png
2025-08-01 20:19:16 | GameAutomationBot |    DEBUG | wait_for_bluestacks_ready:201 | 🔍 BlueStacks ready check #17
2025-08-01 20:19:16 | GameAutomationBot |    DEBUG | load_image:39 | Loaded and cached image: Assets/BlueStacks/bluestacks_window.png
2025-08-01 20:19:19 | GameAutomationBot |  WARNING | wait_for_bluestacks_ready:214 | ⚠️ BlueStacks not ready after 60 seconds
2025-08-01 20:19:19 | GameAutomationBot |     INFO | wait_for_bluestacks_ready:215 | 🤷 Proceeding anyway - BlueStacks might be ready but not detected
2025-08-01 20:19:19 | GameAutomationBot |     INFO | open_top_eleven_app:56 | ✅ Top Eleven launch sequence completed successfully
2025-08-01 20:19:19 | GameAutomationBot |     INFO | launch_top_eleven:127 | ✅ Top Eleven launch sequence initiated
2025-08-01 20:19:19 | GameAutomationBot |     INFO | wait_for_bluestacks_ready:184 | ⏳ Waiting for BlueStacks to be ready (timeout: 120s)...
2025-08-01 20:19:19 | GameAutomationBot |    DEBUG | wait_for_bluestacks_ready:201 | 🔍 BlueStacks ready check #1
2025-08-01 20:19:19 | GameAutomationBot |    DEBUG | load_image:39 | Loaded and cached image: Assets/BlueStacks/bluestacks_window.png
2025-08-01 20:19:23 | GameAutomationBot |    DEBUG | wait_for_bluestacks_ready:201 | 🔍 BlueStacks ready check #2
2025-08-01 20:19:23 | GameAutomationBot |    DEBUG | load_image:39 | Loaded and cached image: Assets/BlueStacks/bluestacks_window.png
2025-08-01 20:19:26 | GameAutomationBot |    DEBUG | wait_for_bluestacks_ready:201 | 🔍 BlueStacks ready check #3
2025-08-01 20:19:26 | GameAutomationBot |    DEBUG | load_image:39 | Loaded and cached image: Assets/BlueStacks/bluestacks_window.png
2025-08-01 20:19:30 | GameAutomationBot |    DEBUG | wait_for_bluestacks_ready:201 | 🔍 BlueStacks ready check #4
2025-08-01 20:19:30 | GameAutomationBot |    DEBUG | load_image:39 | Loaded and cached image: Assets/BlueStacks/bluestacks_window.png
2025-08-01 20:19:34 | GameAutomationBot |    DEBUG | wait_for_bluestacks_ready:201 | 🔍 BlueStacks ready check #5
2025-08-01 20:19:34 | GameAutomationBot |    DEBUG | load_image:39 | Loaded and cached image: Assets/BlueStacks/bluestacks_window.png
2025-08-01 20:19:37 | GameAutomationBot |    DEBUG | wait_for_bluestacks_ready:201 | 🔍 BlueStacks ready check #6
2025-08-01 20:19:37 | GameAutomationBot |    DEBUG | load_image:39 | Loaded and cached image: Assets/BlueStacks/bluestacks_window.png
2025-08-01 20:19:41 | GameAutomationBot |    DEBUG | wait_for_bluestacks_ready:201 | 🔍 BlueStacks ready check #7
2025-08-01 20:19:41 | GameAutomationBot |    DEBUG | load_image:39 | Loaded and cached image: Assets/BlueStacks/bluestacks_window.png
2025-08-01 20:19:44 | GameAutomationBot |    DEBUG | wait_for_bluestacks_ready:201 | 🔍 BlueStacks ready check #8
2025-08-01 20:19:44 | GameAutomationBot |    DEBUG | load_image:39 | Loaded and cached image: Assets/BlueStacks/bluestacks_window.png
2025-08-01 20:19:48 | GameAutomationBot |    DEBUG | wait_for_bluestacks_ready:201 | 🔍 BlueStacks ready check #9
2025-08-01 20:19:48 | GameAutomationBot |    DEBUG | load_image:39 | Loaded and cached image: Assets/BlueStacks/bluestacks_window.png
2025-08-01 20:19:51 | GameAutomationBot |    DEBUG | wait_for_bluestacks_ready:201 | 🔍 BlueStacks ready check #10
2025-08-01 20:19:51 | GameAutomationBot |    DEBUG | load_image:39 | Loaded and cached image: Assets/BlueStacks/bluestacks_window.png
2025-08-01 20:19:55 | GameAutomationBot |    DEBUG | wait_for_bluestacks_ready:201 | 🔍 BlueStacks ready check #11
2025-08-01 20:19:55 | GameAutomationBot |    DEBUG | load_image:39 | Loaded and cached image: Assets/BlueStacks/bluestacks_window.png
2025-08-01 20:19:58 | GameAutomationBot |    DEBUG | wait_for_bluestacks_ready:201 | 🔍 BlueStacks ready check #12
2025-08-01 20:19:58 | GameAutomationBot |    DEBUG | load_image:39 | Loaded and cached image: Assets/BlueStacks/bluestacks_window.png
2025-08-01 20:20:02 | GameAutomationBot |    DEBUG | wait_for_bluestacks_ready:201 | 🔍 BlueStacks ready check #13
2025-08-01 20:20:02 | GameAutomationBot |    DEBUG | load_image:39 | Loaded and cached image: Assets/BlueStacks/bluestacks_window.png
2025-08-01 20:20:06 | GameAutomationBot |    DEBUG | wait_for_bluestacks_ready:201 | 🔍 BlueStacks ready check #14
2025-08-01 20:20:06 | GameAutomationBot |    DEBUG | load_image:39 | Loaded and cached image: Assets/BlueStacks/bluestacks_window.png
2025-08-01 20:20:09 | GameAutomationBot |    DEBUG | wait_for_bluestacks_ready:201 | 🔍 BlueStacks ready check #15
2025-08-01 20:20:09 | GameAutomationBot |    DEBUG | load_image:39 | Loaded and cached image: Assets/BlueStacks/bluestacks_window.png
2025-08-01 20:20:13 | GameAutomationBot |    DEBUG | wait_for_bluestacks_ready:201 | 🔍 BlueStacks ready check #16
2025-08-01 20:20:13 | GameAutomationBot |    DEBUG | load_image:39 | Loaded and cached image: Assets/BlueStacks/bluestacks_window.png
2025-08-01 20:20:16 | GameAutomationBot |    DEBUG | wait_for_bluestacks_ready:201 | 🔍 BlueStacks ready check #17
2025-08-01 20:20:16 | GameAutomationBot |    DEBUG | load_image:39 | Loaded and cached image: Assets/BlueStacks/bluestacks_window.png
2025-08-01 20:20:20 | GameAutomationBot |    DEBUG | wait_for_bluestacks_ready:201 | 🔍 BlueStacks ready check #18
2025-08-01 20:20:20 | GameAutomationBot |    DEBUG | load_image:39 | Loaded and cached image: Assets/BlueStacks/bluestacks_window.png
2025-08-01 20:20:23 | GameAutomationBot |    DEBUG | wait_for_bluestacks_ready:201 | 🔍 BlueStacks ready check #19
2025-08-01 20:20:23 | GameAutomationBot |    DEBUG | load_image:39 | Loaded and cached image: Assets/BlueStacks/bluestacks_window.png
2025-08-01 20:20:27 | GameAutomationBot |    DEBUG | wait_for_bluestacks_ready:201 | 🔍 BlueStacks ready check #20
2025-08-01 20:20:27 | GameAutomationBot |    DEBUG | load_image:39 | Loaded and cached image: Assets/BlueStacks/bluestacks_window.png
2025-08-01 20:20:31 | GameAutomationBot |    DEBUG | wait_for_bluestacks_ready:201 | 🔍 BlueStacks ready check #21
2025-08-01 20:20:31 | GameAutomationBot |    DEBUG | load_image:39 | Loaded and cached image: Assets/BlueStacks/bluestacks_window.png
2025-08-01 20:20:34 | GameAutomationBot |    DEBUG | wait_for_bluestacks_ready:201 | 🔍 BlueStacks ready check #22
2025-08-01 20:20:34 | GameAutomationBot |    DEBUG | load_image:39 | Loaded and cached image: Assets/BlueStacks/bluestacks_window.png
2025-08-01 20:20:38 | GameAutomationBot |    DEBUG | wait_for_bluestacks_ready:201 | 🔍 BlueStacks ready check #23
2025-08-01 20:20:38 | GameAutomationBot |    DEBUG | load_image:39 | Loaded and cached image: Assets/BlueStacks/bluestacks_window.png
2025-08-01 20:20:41 | GameAutomationBot |    DEBUG | wait_for_bluestacks_ready:201 | 🔍 BlueStacks ready check #24
2025-08-01 20:20:41 | GameAutomationBot |    DEBUG | load_image:39 | Loaded and cached image: Assets/BlueStacks/bluestacks_window.png
2025-08-01 20:20:45 | GameAutomationBot |    DEBUG | wait_for_bluestacks_ready:201 | 🔍 BlueStacks ready check #25
2025-08-01 20:20:45 | GameAutomationBot |    DEBUG | load_image:39 | Loaded and cached image: Assets/BlueStacks/bluestacks_window.png
2025-08-01 20:20:49 | GameAutomationBot |    DEBUG | wait_for_bluestacks_ready:201 | 🔍 BlueStacks ready check #26
2025-08-01 20:20:49 | GameAutomationBot |    DEBUG | load_image:39 | Loaded and cached image: Assets/BlueStacks/bluestacks_window.png
2025-08-01 20:20:52 | GameAutomationBot |    DEBUG | wait_for_bluestacks_ready:201 | 🔍 BlueStacks ready check #27
2025-08-01 20:20:52 | GameAutomationBot |    DEBUG | load_image:39 | Loaded and cached image: Assets/BlueStacks/bluestacks_window.png
2025-08-01 20:20:56 | GameAutomationBot |    DEBUG | wait_for_bluestacks_ready:201 | 🔍 BlueStacks ready check #28
2025-08-01 20:20:56 | GameAutomationBot |    DEBUG | load_image:39 | Loaded and cached image: Assets/BlueStacks/bluestacks_window.png
2025-08-01 20:20:59 | GameAutomationBot |    DEBUG | wait_for_bluestacks_ready:201 | 🔍 BlueStacks ready check #29
2025-08-01 20:20:59 | GameAutomationBot |    DEBUG | load_image:39 | Loaded and cached image: Assets/BlueStacks/bluestacks_window.png
2025-08-01 20:21:03 | GameAutomationBot |    DEBUG | wait_for_bluestacks_ready:201 | 🔍 BlueStacks ready check #30
2025-08-01 20:21:03 | GameAutomationBot |    DEBUG | load_image:39 | Loaded and cached image: Assets/BlueStacks/bluestacks_window.png
2025-08-01 20:21:06 | GameAutomationBot |    DEBUG | wait_for_bluestacks_ready:201 | 🔍 BlueStacks ready check #31
2025-08-01 20:21:06 | GameAutomationBot |    DEBUG | load_image:39 | Loaded and cached image: Assets/BlueStacks/bluestacks_window.png
2025-08-01 20:21:10 | GameAutomationBot |    DEBUG | wait_for_bluestacks_ready:201 | 🔍 BlueStacks ready check #32
2025-08-01 20:21:10 | GameAutomationBot |    DEBUG | load_image:39 | Loaded and cached image: Assets/BlueStacks/bluestacks_window.png
2025-08-01 20:21:14 | GameAutomationBot |    DEBUG | wait_for_bluestacks_ready:201 | 🔍 BlueStacks ready check #33
2025-08-01 20:21:14 | GameAutomationBot |    DEBUG | load_image:39 | Loaded and cached image: Assets/BlueStacks/bluestacks_window.png
2025-08-01 20:21:17 | GameAutomationBot |    DEBUG | wait_for_bluestacks_ready:201 | 🔍 BlueStacks ready check #34
2025-08-01 20:21:17 | GameAutomationBot |    DEBUG | load_image:39 | Loaded and cached image: Assets/BlueStacks/bluestacks_window.png
2025-08-01 20:21:21 | GameAutomationBot |  WARNING | wait_for_bluestacks_ready:214 | ⚠️ BlueStacks not ready after 120 seconds
2025-08-01 20:21:31 | GameAutomationBot |     INFO | wait_for_bluestacks_ready:215 | 🤷 Proceeding anyway - BlueStacks might be ready but not detected
2025-08-01 20:21:31 | GameAutomationBot |     INFO | launch_top_eleven:131 | 🎮 BlueStacks is ready for automation
2025-08-01 20:22:11 | GameAutomationBot |     INFO | launch_top_eleven:117 | 🚀 Launching Top Eleven on BlueStacks...
2025-08-01 20:22:11 | GameAutomationBot |     INFO | optimize_for_bluestacks:121 | Applied BlueStacks optimizations
2025-08-01 20:22:11 | GameAutomationBot |     INFO | _open_windows_search:66 | 🔍 Step 1: Opening Windows search...
2025-08-01 20:22:13 | GameAutomationBot |     INFO | _open_windows_search:77 | ✅ Windows search opened
2025-08-01 20:22:13 | GameAutomationBot |     INFO | _launch_bluestacks:86 | 🔍 Step 2: Launching BlueStacks...
2025-08-01 20:22:13 | GameAutomationBot |    DEBUG | key_boardtype:90 | Typing characters: ('t', 'o', 'p', ' ', 'e', 'l', 'e', 'v', 'e', 'n')
2025-08-01 20:22:15 | GameAutomationBot |     INFO | key_boardtype:115 | ✅ Successfully typed 10 character(s)/string(s)
2025-08-01 20:22:17 | GameAutomationBot |    DEBUG | key_boardtype:90 | Typing characters: ('enter',)
2025-08-01 20:22:17 | GameAutomationBot |     INFO | key_boardtype:115 | ✅ Successfully typed 1 character(s)/string(s)
2025-08-01 20:22:17 | GameAutomationBot |     INFO | _launch_bluestacks:98 | ✅ BlueStacks launch initiated
2025-08-01 20:22:17 | GameAutomationBot |     INFO | _wait_for_bluestacks_ready:108 | ⏳ Step 3: Waiting for BlueStacks to be ready...
2025-08-01 20:22:17 | GameAutomationBot |     INFO | wait_for_bluestacks_ready:184 | ⏳ Waiting for BlueStacks to be ready (timeout: 60s)...
2025-08-01 20:22:17 | GameAutomationBot |    DEBUG | wait_for_bluestacks_ready:201 | 🔍 BlueStacks ready check #1
2025-08-01 20:22:17 | GameAutomationBot |    DEBUG | load_image:39 | Loaded and cached image: Assets/BlueStacks/bluestacks_window.png
2025-08-01 20:22:21 | GameAutomationBot |    DEBUG | wait_for_bluestacks_ready:201 | 🔍 BlueStacks ready check #2
2025-08-01 20:22:21 | GameAutomationBot |    DEBUG | load_image:39 | Loaded and cached image: Assets/BlueStacks/bluestacks_window.png
2025-08-01 20:22:24 | GameAutomationBot |    DEBUG | wait_for_bluestacks_ready:201 | 🔍 BlueStacks ready check #3
2025-08-01 20:22:24 | GameAutomationBot |    DEBUG | load_image:39 | Loaded and cached image: Assets/BlueStacks/bluestacks_window.png
2025-08-01 20:22:28 | GameAutomationBot |    DEBUG | wait_for_bluestacks_ready:201 | 🔍 BlueStacks ready check #4
2025-08-01 20:22:28 | GameAutomationBot |    DEBUG | load_image:39 | Loaded and cached image: Assets/BlueStacks/bluestacks_window.png
2025-08-01 20:22:31 | GameAutomationBot |    DEBUG | wait_for_bluestacks_ready:201 | 🔍 BlueStacks ready check #5
2025-08-01 20:22:31 | GameAutomationBot |    DEBUG | load_image:39 | Loaded and cached image: Assets/BlueStacks/bluestacks_window.png
2025-08-01 20:22:35 | GameAutomationBot |    DEBUG | wait_for_bluestacks_ready:201 | 🔍 BlueStacks ready check #6
2025-08-01 20:22:35 | GameAutomationBot |    DEBUG | load_image:39 | Loaded and cached image: Assets/BlueStacks/bluestacks_window.png
2025-08-01 20:22:39 | GameAutomationBot |    DEBUG | wait_for_bluestacks_ready:201 | 🔍 BlueStacks ready check #7
2025-08-01 20:22:39 | GameAutomationBot |    DEBUG | load_image:39 | Loaded and cached image: Assets/BlueStacks/bluestacks_window.png
2025-08-01 20:22:42 | GameAutomationBot |    DEBUG | wait_for_bluestacks_ready:201 | 🔍 BlueStacks ready check #8
2025-08-01 20:22:42 | GameAutomationBot |    DEBUG | load_image:39 | Loaded and cached image: Assets/BlueStacks/bluestacks_window.png
2025-08-01 20:22:46 | GameAutomationBot |    DEBUG | wait_for_bluestacks_ready:201 | 🔍 BlueStacks ready check #9
2025-08-01 20:22:46 | GameAutomationBot |    DEBUG | load_image:39 | Loaded and cached image: Assets/BlueStacks/bluestacks_window.png
2025-08-01 20:22:49 | GameAutomationBot |    DEBUG | wait_for_bluestacks_ready:201 | 🔍 BlueStacks ready check #10
2025-08-01 20:22:49 | GameAutomationBot |    DEBUG | load_image:39 | Loaded and cached image: Assets/BlueStacks/bluestacks_window.png
2025-08-01 20:22:53 | GameAutomationBot |    DEBUG | wait_for_bluestacks_ready:201 | 🔍 BlueStacks ready check #11
2025-08-01 20:22:53 | GameAutomationBot |    DEBUG | load_image:39 | Loaded and cached image: Assets/BlueStacks/bluestacks_window.png
2025-08-01 20:22:56 | GameAutomationBot |    DEBUG | wait_for_bluestacks_ready:201 | 🔍 BlueStacks ready check #12
2025-08-01 20:22:56 | GameAutomationBot |    DEBUG | load_image:39 | Loaded and cached image: Assets/BlueStacks/bluestacks_window.png
2025-08-01 20:23:00 | GameAutomationBot |    DEBUG | wait_for_bluestacks_ready:201 | 🔍 BlueStacks ready check #13
2025-08-01 20:23:00 | GameAutomationBot |    DEBUG | load_image:39 | Loaded and cached image: Assets/BlueStacks/bluestacks_window.png
2025-08-01 20:23:03 | GameAutomationBot |    DEBUG | wait_for_bluestacks_ready:201 | 🔍 BlueStacks ready check #14
2025-08-01 20:23:03 | GameAutomationBot |    DEBUG | load_image:39 | Loaded and cached image: Assets/BlueStacks/bluestacks_window.png
2025-08-01 20:23:07 | GameAutomationBot |    DEBUG | wait_for_bluestacks_ready:201 | 🔍 BlueStacks ready check #15
2025-08-01 20:23:07 | GameAutomationBot |    DEBUG | load_image:39 | Loaded and cached image: Assets/BlueStacks/bluestacks_window.png
2025-08-01 20:23:11 | GameAutomationBot |    DEBUG | wait_for_bluestacks_ready:201 | 🔍 BlueStacks ready check #16
2025-08-01 20:23:11 | GameAutomationBot |    DEBUG | load_image:39 | Loaded and cached image: Assets/BlueStacks/bluestacks_window.png
2025-08-01 20:23:14 | GameAutomationBot |    DEBUG | wait_for_bluestacks_ready:201 | 🔍 BlueStacks ready check #17
2025-08-01 20:23:14 | GameAutomationBot |    DEBUG | load_image:39 | Loaded and cached image: Assets/BlueStacks/bluestacks_window.png
2025-08-01 20:23:18 | GameAutomationBot |  WARNING | wait_for_bluestacks_ready:214 | ⚠️ BlueStacks not ready after 60 seconds
2025-08-01 20:23:18 | GameAutomationBot |     INFO | wait_for_bluestacks_ready:215 | 🤷 Proceeding anyway - BlueStacks might be ready but not detected
2025-08-01 20:23:18 | GameAutomationBot |     INFO | open_top_eleven_app:56 | ✅ Top Eleven launch sequence completed successfully
2025-08-01 20:23:18 | GameAutomationBot |     INFO | launch_top_eleven:127 | ✅ Top Eleven launch sequence initiated
2025-08-01 20:23:18 | GameAutomationBot |     INFO | wait_for_bluestacks_ready:184 | ⏳ Waiting for BlueStacks to be ready (timeout: 120s)...
2025-08-01 20:23:18 | GameAutomationBot |    DEBUG | wait_for_bluestacks_ready:201 | 🔍 BlueStacks ready check #1
2025-08-01 20:23:18 | GameAutomationBot |    DEBUG | load_image:39 | Loaded and cached image: Assets/BlueStacks/bluestacks_window.png
2025-08-01 20:23:22 | GameAutomationBot |    DEBUG | wait_for_bluestacks_ready:201 | 🔍 BlueStacks ready check #2
2025-08-01 20:23:22 | GameAutomationBot |    DEBUG | load_image:39 | Loaded and cached image: Assets/BlueStacks/bluestacks_window.png
2025-08-01 20:23:25 | GameAutomationBot |    DEBUG | wait_for_bluestacks_ready:201 | 🔍 BlueStacks ready check #3
2025-08-01 20:23:25 | GameAutomationBot |    DEBUG | load_image:39 | Loaded and cached image: Assets/BlueStacks/bluestacks_window.png
2025-08-01 20:23:29 | GameAutomationBot |    DEBUG | wait_for_bluestacks_ready:201 | 🔍 BlueStacks ready check #4
2025-08-01 20:23:29 | GameAutomationBot |    DEBUG | load_image:39 | Loaded and cached image: Assets/BlueStacks/bluestacks_window.png
2025-08-01 20:23:32 | GameAutomationBot |    DEBUG | wait_for_bluestacks_ready:201 | 🔍 BlueStacks ready check #5
2025-08-01 20:23:32 | GameAutomationBot |    DEBUG | load_image:39 | Loaded and cached image: Assets/BlueStacks/bluestacks_window.png
2025-08-01 20:23:36 | GameAutomationBot |    DEBUG | wait_for_bluestacks_ready:201 | 🔍 BlueStacks ready check #6
2025-08-01 20:23:36 | GameAutomationBot |    DEBUG | load_image:39 | Loaded and cached image: Assets/BlueStacks/bluestacks_window.png
2025-08-01 20:23:39 | GameAutomationBot |    DEBUG | wait_for_bluestacks_ready:201 | 🔍 BlueStacks ready check #7
2025-08-01 20:23:39 | GameAutomationBot |    DEBUG | load_image:39 | Loaded and cached image: Assets/BlueStacks/bluestacks_window.png
2025-08-01 20:23:43 | GameAutomationBot |    DEBUG | wait_for_bluestacks_ready:201 | 🔍 BlueStacks ready check #8
2025-08-01 20:23:43 | GameAutomationBot |    DEBUG | load_image:39 | Loaded and cached image: Assets/BlueStacks/bluestacks_window.png
2025-08-01 20:23:47 | GameAutomationBot |    DEBUG | wait_for_bluestacks_ready:201 | 🔍 BlueStacks ready check #9
2025-08-01 20:23:47 | GameAutomationBot |    DEBUG | load_image:39 | Loaded and cached image: Assets/BlueStacks/bluestacks_window.png
2025-08-01 20:23:50 | GameAutomationBot |    DEBUG | wait_for_bluestacks_ready:201 | 🔍 BlueStacks ready check #10
2025-08-01 20:23:50 | GameAutomationBot |    DEBUG | load_image:39 | Loaded and cached image: Assets/BlueStacks/bluestacks_window.png
2025-08-01 20:23:54 | GameAutomationBot |    DEBUG | wait_for_bluestacks_ready:201 | 🔍 BlueStacks ready check #11
2025-08-01 20:23:54 | GameAutomationBot |    DEBUG | load_image:39 | Loaded and cached image: Assets/BlueStacks/bluestacks_window.png
2025-08-01 20:23:57 | GameAutomationBot |    DEBUG | wait_for_bluestacks_ready:201 | 🔍 BlueStacks ready check #12
2025-08-01 20:23:57 | GameAutomationBot |    DEBUG | load_image:39 | Loaded and cached image: Assets/BlueStacks/bluestacks_window.png
2025-08-01 20:24:01 | GameAutomationBot |    DEBUG | wait_for_bluestacks_ready:201 | 🔍 BlueStacks ready check #13
2025-08-01 20:24:01 | GameAutomationBot |    DEBUG | load_image:39 | Loaded and cached image: Assets/BlueStacks/bluestacks_window.png
2025-08-01 20:24:04 | GameAutomationBot |    DEBUG | wait_for_bluestacks_ready:201 | 🔍 BlueStacks ready check #14
2025-08-01 20:24:04 | GameAutomationBot |    DEBUG | load_image:39 | Loaded and cached image: Assets/BlueStacks/bluestacks_window.png
2025-08-01 20:24:08 | GameAutomationBot |    DEBUG | wait_for_bluestacks_ready:201 | 🔍 BlueStacks ready check #15
2025-08-01 20:24:08 | GameAutomationBot |    DEBUG | load_image:39 | Loaded and cached image: Assets/BlueStacks/bluestacks_window.png
2025-08-01 20:24:12 | GameAutomationBot |    DEBUG | wait_for_bluestacks_ready:201 | 🔍 BlueStacks ready check #16
2025-08-01 20:24:12 | GameAutomationBot |    DEBUG | load_image:39 | Loaded and cached image: Assets/BlueStacks/bluestacks_window.png
2025-08-01 20:24:15 | GameAutomationBot |    DEBUG | wait_for_bluestacks_ready:201 | 🔍 BlueStacks ready check #17
2025-08-01 20:24:15 | GameAutomationBot |    DEBUG | load_image:39 | Loaded and cached image: Assets/BlueStacks/bluestacks_window.png
2025-08-01 20:24:19 | GameAutomationBot |    DEBUG | wait_for_bluestacks_ready:201 | 🔍 BlueStacks ready check #18
2025-08-01 20:24:19 | GameAutomationBot |    DEBUG | load_image:39 | Loaded and cached image: Assets/BlueStacks/bluestacks_window.png
2025-08-01 20:24:22 | GameAutomationBot |    DEBUG | wait_for_bluestacks_ready:201 | 🔍 BlueStacks ready check #19
2025-08-01 20:24:22 | GameAutomationBot |    DEBUG | load_image:39 | Loaded and cached image: Assets/BlueStacks/bluestacks_window.png
2025-08-01 20:24:26 | GameAutomationBot |    DEBUG | wait_for_bluestacks_ready:201 | 🔍 BlueStacks ready check #20
2025-08-01 20:24:26 | GameAutomationBot |    DEBUG | load_image:39 | Loaded and cached image: Assets/BlueStacks/bluestacks_window.png
2025-08-01 20:24:30 | GameAutomationBot |    DEBUG | wait_for_bluestacks_ready:201 | 🔍 BlueStacks ready check #21
2025-08-01 20:24:30 | GameAutomationBot |    DEBUG | load_image:39 | Loaded and cached image: Assets/BlueStacks/bluestacks_window.png
2025-08-01 20:24:34 | GameAutomationBot |    DEBUG | wait_for_bluestacks_ready:201 | 🔍 BlueStacks ready check #22
2025-08-01 20:24:34 | GameAutomationBot |    DEBUG | load_image:39 | Loaded and cached image: Assets/BlueStacks/bluestacks_window.png
2025-08-01 20:24:37 | GameAutomationBot |    DEBUG | wait_for_bluestacks_ready:201 | 🔍 BlueStacks ready check #23
2025-08-01 20:24:37 | GameAutomationBot |    DEBUG | load_image:39 | Loaded and cached image: Assets/BlueStacks/bluestacks_window.png
2025-08-01 20:24:41 | GameAutomationBot |    DEBUG | wait_for_bluestacks_ready:201 | 🔍 BlueStacks ready check #24
2025-08-01 20:24:41 | GameAutomationBot |    DEBUG | load_image:39 | Loaded and cached image: Assets/BlueStacks/bluestacks_window.png
2025-08-01 20:24:44 | GameAutomationBot |    DEBUG | wait_for_bluestacks_ready:201 | 🔍 BlueStacks ready check #25
2025-08-01 20:24:44 | GameAutomationBot |    DEBUG | load_image:39 | Loaded and cached image: Assets/BlueStacks/bluestacks_window.png
2025-08-01 20:24:48 | GameAutomationBot |    DEBUG | wait_for_bluestacks_ready:201 | 🔍 BlueStacks ready check #26
2025-08-01 20:24:48 | GameAutomationBot |    DEBUG | load_image:39 | Loaded and cached image: Assets/BlueStacks/bluestacks_window.png
2025-08-01 20:24:51 | GameAutomationBot |    DEBUG | wait_for_bluestacks_ready:201 | 🔍 BlueStacks ready check #27
2025-08-01 20:24:51 | GameAutomationBot |    DEBUG | load_image:39 | Loaded and cached image: Assets/BlueStacks/bluestacks_window.png
2025-08-01 20:24:55 | GameAutomationBot |    DEBUG | wait_for_bluestacks_ready:201 | 🔍 BlueStacks ready check #28
2025-08-01 20:24:55 | GameAutomationBot |    DEBUG | load_image:39 | Loaded and cached image: Assets/BlueStacks/bluestacks_window.png
2025-08-01 20:24:58 | GameAutomationBot |    DEBUG | wait_for_bluestacks_ready:201 | 🔍 BlueStacks ready check #29
2025-08-01 20:24:58 | GameAutomationBot |    DEBUG | load_image:39 | Loaded and cached image: Assets/BlueStacks/bluestacks_window.png
2025-08-01 20:25:02 | GameAutomationBot |    DEBUG | wait_for_bluestacks_ready:201 | 🔍 BlueStacks ready check #30
2025-08-01 20:25:02 | GameAutomationBot |    DEBUG | load_image:39 | Loaded and cached image: Assets/BlueStacks/bluestacks_window.png
2025-08-01 20:25:05 | GameAutomationBot |    DEBUG | wait_for_bluestacks_ready:201 | 🔍 BlueStacks ready check #31
2025-08-01 20:25:05 | GameAutomationBot |    DEBUG | load_image:39 | Loaded and cached image: Assets/BlueStacks/bluestacks_window.png
2025-08-01 20:25:09 | GameAutomationBot |    DEBUG | wait_for_bluestacks_ready:201 | 🔍 BlueStacks ready check #32
2025-08-01 20:25:09 | GameAutomationBot |    DEBUG | load_image:39 | Loaded and cached image: Assets/BlueStacks/bluestacks_window.png
2025-08-01 20:25:12 | GameAutomationBot |    DEBUG | wait_for_bluestacks_ready:201 | 🔍 BlueStacks ready check #33
2025-08-01 20:25:12 | GameAutomationBot |    DEBUG | load_image:39 | Loaded and cached image: Assets/BlueStacks/bluestacks_window.png
2025-08-01 20:25:16 | GameAutomationBot |    DEBUG | wait_for_bluestacks_ready:201 | 🔍 BlueStacks ready check #34
2025-08-01 20:25:16 | GameAutomationBot |    DEBUG | load_image:39 | Loaded and cached image: Assets/BlueStacks/bluestacks_window.png
2025-08-01 20:25:19 | GameAutomationBot |  WARNING | wait_for_bluestacks_ready:214 | ⚠️ BlueStacks not ready after 120 seconds
2025-08-01 20:25:19 | GameAutomationBot |     INFO | wait_for_bluestacks_ready:215 | 🤷 Proceeding anyway - BlueStacks might be ready but not detected
2025-08-01 20:25:19 | GameAutomationBot |     INFO | launch_top_eleven:131 | 🎮 BlueStacks is ready for automation
2025-08-01 20:25:24 | GameAutomationBot |     INFO | start_resource_farming:147 | 🌾 Starting YOLO-enhanced resource farming automation...
2025-08-01 20:25:25 | GameAutomationBot |     INFO | start_farming:64 | 🌾 Starting YOLO-enhanced resource farming sequence...
2025-08-01 20:25:25 | GameAutomationBot |     INFO | start_farming:68 | 🔍 Step 1: Looking for rest icon using YOLO...
2025-08-01 20:25:33 | GameAutomationBot |    DEBUG | find_objects_on_screen:394 | 🎯 Found rest_pack at (2174, 172) with confidence 0.78
2025-08-01 20:25:33 | GameAutomationBot |    DEBUG | find_objects_on_screen:394 | 🎯 Found rest_pack at (1228, 313) with confidence 0.27
2025-08-01 20:25:33 | GameAutomationBot |     INFO | find_objects_on_screen:399 | 🔍 YOLO detection found 2 objects
2025-08-01 20:25:33 | GameAutomationBot |     INFO | find_best_match:426 | ✅ Best match: rest_pack (confidence: 0.78)
2025-08-01 20:25:33 | GameAutomationBot |     INFO | start_farming:81 | ✅ Step 1: Found and clicking rest icon
2025-08-01 20:25:33 | GameAutomationBot |     INFO | click_at_point:46 | ✅ Clicked at (2174, 172) using default method
2025-08-01 20:25:33 | GameAutomationBot |     INFO | start_farming:88 | ⏳ Step 2: Waiting for watch ads button to appear...
2025-08-01 20:25:39 | GameAutomationBot |    DEBUG | find_objects_on_screen:394 | 🎯 Found watch_ads_general at (3355, 521) with confidence 0.87
2025-08-01 20:25:39 | GameAutomationBot |    DEBUG | find_objects_on_screen:394 | 🎯 Found watch_ads_general at (3352, 1283) with confidence 0.76
2025-08-01 20:25:39 | GameAutomationBot |     INFO | find_objects_on_screen:399 | 🔍 YOLO detection found 2 objects
2025-08-01 20:25:39 | GameAutomationBot |     INFO | find_best_match:426 | ✅ Best match: watch_ads_general (confidence: 0.87)
2025-08-01 20:25:39 | GameAutomationBot |     INFO | start_farming:97 | ✅ Step 2: Found watch ads button using class: watch_ads_general
2025-08-01 20:25:39 | GameAutomationBot |     INFO | click_at_point:46 | ✅ Clicked at (3355, 521) using default method
2025-08-01 20:25:42 | GameAutomationBot |     INFO | start_farming:109 | 😴 Step 3: Sleeping for 61 seconds...
2025-08-01 20:26:43 | GameAutomationBot |     INFO | start_farming:113 | 🔄 Step 4: Attempting to skip ads using YOLO...
2025-08-01 20:26:43 | GameAutomationBot |     INFO | find_objects_on_screen:399 | 🔍 YOLO detection found 0 objects
2025-08-01 20:26:43 | GameAutomationBot |     INFO | _handle_ads_with_yolo:228 | ❌ No objects found for classes: ['skip_ad']
2025-08-01 20:26:43 | GameAutomationBot |     INFO | start_farming:118 | 🔄 Step 5: No skip ads found, trying close ads...
2025-08-01 20:26:44 | GameAutomationBot |    DEBUG | find_objects_on_screen:394 | 🎯 Found close_ad at (3417, 510) with confidence 0.50
2025-08-01 20:26:44 | GameAutomationBot |    DEBUG | find_objects_on_screen:394 | 🎯 Found close_ad at (328, 515) with confidence 0.12
2025-08-01 20:26:44 | GameAutomationBot |     INFO | find_objects_on_screen:399 | 🔍 YOLO detection found 2 objects
2025-08-01 20:26:44 | GameAutomationBot |     INFO | _handle_ads_with_yolo:234 | ✅ Found close_ad with confidence 0.50
2025-08-01 20:26:44 | GameAutomationBot |     INFO | click_at_point:46 | ✅ Clicked at (3417, 510) using default method
2025-08-01 20:26:44 | GameAutomationBot |     INFO | _handle_ads_with_yolo:239 | ✅ Successfully clicked close_ad
2025-08-01 20:26:46 | GameAutomationBot |     INFO | find_objects_on_screen:399 | 🔍 YOLO detection found 0 objects
2025-08-01 20:26:46 | GameAutomationBot |     INFO | start_farming:130 | 🔄 Step 6: Sleeping for 65s - checking for second ad...
2025-08-01 20:27:51 | GameAutomationBot |    DEBUG | find_objects_on_screen:394 | 🎯 Found close_ad at (3417, 510) with confidence 0.59
2025-08-01 20:27:51 | GameAutomationBot |     INFO | find_objects_on_screen:399 | 🔍 YOLO detection found 1 objects
2025-08-01 20:27:51 | GameAutomationBot |     INFO | _handle_ads_with_yolo:234 | ✅ Found close_ad with confidence 0.59
2025-08-01 20:27:51 | GameAutomationBot |     INFO | click_at_point:46 | ✅ Clicked at (3417, 510) using default method
2025-08-01 20:27:51 | GameAutomationBot |     INFO | _handle_ads_with_yolo:239 | ✅ Successfully clicked close_ad
2025-08-01 20:27:52 | GameAutomationBot |     INFO | start_farming:140 | ✅ YOLO-enhanced farming sequence completed successfully
2025-08-01 20:27:52 | GameAutomationBot |    DEBUG | setup_key_handler:70 | Keyboard listener started
2025-08-01 20:27:52 | GameAutomationBot |     INFO | continuous_farming:301 | 🔁 Starting YOLO-enhanced continuous farming (interval: 5s)
2025-08-01 20:27:52 | GameAutomationBot |     INFO | run_farming_cycle:274 | 🔄 Running YOLO-enhanced farming cycle...
2025-08-01 20:27:53 | GameAutomationBot |     INFO | find_objects_on_screen:399 | 🔍 YOLO detection found 0 objects
2025-08-01 20:27:53 | GameAutomationBot |     INFO | _handle_ads_with_yolo:228 | ❌ No objects found for classes: ['close_ad', 'close', 'skip_ad', 'skip', 'x_button']
2025-08-01 20:27:53 | GameAutomationBot |     INFO | start_farming:64 | 🌾 Starting YOLO-enhanced resource farming sequence...
2025-08-01 20:27:53 | GameAutomationBot |     INFO | start_farming:68 | 🔍 Step 1: Looking for rest icon using YOLO...
2025-08-01 20:27:53 | GameAutomationBot |    DEBUG | find_objects_on_screen:394 | 🎯 Found rest_pack at (2174, 172) with confidence 0.77
2025-08-01 20:27:53 | GameAutomationBot |     INFO | find_objects_on_screen:399 | 🔍 YOLO detection found 1 objects
2025-08-01 20:27:53 | GameAutomationBot |     INFO | find_best_match:426 | ✅ Best match: rest_pack (confidence: 0.77)
2025-08-01 20:27:53 | GameAutomationBot |     INFO | start_farming:81 | ✅ Step 1: Found and clicking rest icon
2025-08-01 20:27:54 | GameAutomationBot |     INFO | click_at_point:46 | ✅ Clicked at (2174, 172) using default method
2025-08-01 20:27:54 | GameAutomationBot |     INFO | start_farming:88 | ⏳ Step 2: Waiting for watch ads button to appear...
2025-08-01 20:27:59 | GameAutomationBot |    DEBUG | find_objects_on_screen:394 | 🎯 Found watch_ads_general at (3354, 521) with confidence 0.87
2025-08-01 20:27:59 | GameAutomationBot |    DEBUG | find_objects_on_screen:394 | 🎯 Found watch_ads_general at (3352, 1283) with confidence 0.71
2025-08-01 20:27:59 | GameAutomationBot |     INFO | find_objects_on_screen:399 | 🔍 YOLO detection found 2 objects
2025-08-01 20:27:59 | GameAutomationBot |     INFO | find_best_match:426 | ✅ Best match: watch_ads_general (confidence: 0.87)
2025-08-01 20:27:59 | GameAutomationBot |     INFO | start_farming:97 | ✅ Step 2: Found watch ads button using class: watch_ads_general
2025-08-01 20:28:00 | GameAutomationBot |     INFO | click_at_point:46 | ✅ Clicked at (3354, 521) using default method
2025-08-01 20:28:03 | GameAutomationBot |     INFO | start_farming:109 | 😴 Step 3: Sleeping for 61 seconds...
2025-08-01 20:29:04 | GameAutomationBot |     INFO | start_farming:113 | 🔄 Step 4: Attempting to skip ads using YOLO...
2025-08-01 20:29:04 | GameAutomationBot |     INFO | find_objects_on_screen:399 | 🔍 YOLO detection found 0 objects
2025-08-01 20:29:04 | GameAutomationBot |     INFO | _handle_ads_with_yolo:228 | ❌ No objects found for classes: ['skip_ad']
2025-08-01 20:29:04 | GameAutomationBot |     INFO | start_farming:118 | 🔄 Step 5: No skip ads found, trying close ads...
2025-08-01 20:29:04 | GameAutomationBot |    DEBUG | find_objects_on_screen:394 | 🎯 Found close_ad at (3417, 510) with confidence 0.52
2025-08-01 20:29:04 | GameAutomationBot |    DEBUG | find_objects_on_screen:394 | 🎯 Found close_ad at (328, 515) with confidence 0.11
2025-08-01 20:29:04 | GameAutomationBot |     INFO | find_objects_on_screen:399 | 🔍 YOLO detection found 2 objects
2025-08-01 20:29:04 | GameAutomationBot |     INFO | _handle_ads_with_yolo:234 | ✅ Found close_ad with confidence 0.52
2025-08-01 20:29:05 | GameAutomationBot |     INFO | click_at_point:46 | ✅ Clicked at (3417, 510) using default method
2025-08-01 20:29:05 | GameAutomationBot |     INFO | _handle_ads_with_yolo:239 | ✅ Successfully clicked close_ad
2025-08-01 20:29:06 | GameAutomationBot |     INFO | find_objects_on_screen:399 | 🔍 YOLO detection found 0 objects
2025-08-01 20:29:06 | GameAutomationBot |     INFO | start_farming:130 | 🔄 Step 6: Sleeping for 65s - checking for second ad...
2025-08-01 20:30:11 | GameAutomationBot |    DEBUG | find_objects_on_screen:394 | 🎯 Found close_ad at (3417, 510) with confidence 0.59
2025-08-01 20:30:11 | GameAutomationBot |     INFO | find_objects_on_screen:399 | 🔍 YOLO detection found 1 objects
2025-08-01 20:30:11 | GameAutomationBot |     INFO | _handle_ads_with_yolo:234 | ✅ Found close_ad with confidence 0.59
2025-08-01 20:30:12 | GameAutomationBot |     INFO | click_at_point:46 | ✅ Clicked at (3417, 510) using default method
2025-08-01 20:30:12 | GameAutomationBot |     INFO | _handle_ads_with_yolo:239 | ✅ Successfully clicked close_ad
2025-08-01 20:30:13 | GameAutomationBot |     INFO | start_farming:140 | ✅ YOLO-enhanced farming sequence completed successfully
2025-08-01 20:30:13 | GameAutomationBot |     INFO | run_farming_cycle:288 | ✅ YOLO-enhanced farming sequence completed successfully
2025-08-01 20:30:13 | GameAutomationBot |     INFO | continuous_farming:311 | 📊 Farming cycle results: {'ads_handled': False, 'rewards_collected': False, 'rest_clicked': True, 'cycle_time': 1754090872.9289293, 'sequence_completed': True, 'yolo_enabled': True}
2025-08-01 20:30:13 | GameAutomationBot |     INFO | continuous_farming:314 | 🌱 Greens collected: 1/25
2025-08-01 20:30:13 | GameAutomationBot |     INFO | continuous_farming:317 | ⏰ Waiting 5s until next cycle...
2025-08-01 20:30:18 | GameAutomationBot |     INFO | run_farming_cycle:274 | 🔄 Running YOLO-enhanced farming cycle...
2025-08-01 20:30:18 | GameAutomationBot |     INFO | find_objects_on_screen:399 | 🔍 YOLO detection found 0 objects
2025-08-01 20:30:18 | GameAutomationBot |     INFO | _handle_ads_with_yolo:228 | ❌ No objects found for classes: ['close_ad', 'close', 'skip_ad', 'skip', 'x_button']
2025-08-01 20:30:18 | GameAutomationBot |     INFO | start_farming:64 | 🌾 Starting YOLO-enhanced resource farming sequence...
2025-08-01 20:30:18 | GameAutomationBot |     INFO | start_farming:68 | 🔍 Step 1: Looking for rest icon using YOLO...
2025-08-01 20:30:19 | GameAutomationBot |    DEBUG | find_objects_on_screen:394 | 🎯 Found rest_pack at (2174, 172) with confidence 0.81
2025-08-01 20:30:19 | GameAutomationBot |     INFO | find_objects_on_screen:399 | 🔍 YOLO detection found 1 objects
2025-08-01 20:30:19 | GameAutomationBot |     INFO | find_best_match:426 | ✅ Best match: rest_pack (confidence: 0.81)
2025-08-01 20:30:19 | GameAutomationBot |     INFO | start_farming:81 | ✅ Step 1: Found and clicking rest icon
2025-08-01 20:30:19 | GameAutomationBot |     INFO | click_at_point:46 | ✅ Clicked at (2174, 172) using default method
2025-08-01 20:30:19 | GameAutomationBot |     INFO | start_farming:88 | ⏳ Step 2: Waiting for watch ads button to appear...
2025-08-01 20:30:24 | GameAutomationBot |    DEBUG | find_objects_on_screen:394 | 🎯 Found watch_ads_general at (3355, 521) with confidence 0.87
2025-08-01 20:30:24 | GameAutomationBot |    DEBUG | find_objects_on_screen:394 | 🎯 Found watch_ads_general at (3352, 1283) with confidence 0.75
2025-08-01 20:30:24 | GameAutomationBot |     INFO | find_objects_on_screen:399 | 🔍 YOLO detection found 2 objects
2025-08-01 20:30:24 | GameAutomationBot |     INFO | find_best_match:426 | ✅ Best match: watch_ads_general (confidence: 0.87)
2025-08-01 20:30:24 | GameAutomationBot |     INFO | start_farming:97 | ✅ Step 2: Found watch ads button using class: watch_ads_general
2025-08-01 20:30:25 | GameAutomationBot |     INFO | click_at_point:46 | ✅ Clicked at (3355, 521) using default method
2025-08-01 20:30:28 | GameAutomationBot |     INFO | start_farming:109 | 😴 Step 3: Sleeping for 61 seconds...
2025-08-01 20:31:29 | GameAutomationBot |     INFO | start_farming:113 | 🔄 Step 4: Attempting to skip ads using YOLO...
2025-08-01 20:31:29 | GameAutomationBot |     INFO | find_objects_on_screen:399 | 🔍 YOLO detection found 0 objects
2025-08-01 20:31:29 | GameAutomationBot |     INFO | _handle_ads_with_yolo:228 | ❌ No objects found for classes: ['skip_ad']
2025-08-01 20:31:29 | GameAutomationBot |     INFO | start_farming:118 | 🔄 Step 5: No skip ads found, trying close ads...
2025-08-01 20:31:30 | GameAutomationBot |    DEBUG | find_objects_on_screen:394 | 🎯 Found close_ad at (3496, 179) with confidence 0.44
2025-08-01 20:31:30 | GameAutomationBot |    DEBUG | find_objects_on_screen:394 | 🎯 Found close_ad at (227, 152) with confidence 0.18
2025-08-01 20:31:30 | GameAutomationBot |     INFO | find_objects_on_screen:399 | 🔍 YOLO detection found 2 objects
2025-08-01 20:31:30 | GameAutomationBot |     INFO | _handle_ads_with_yolo:234 | ✅ Found close_ad with confidence 0.44
2025-08-01 20:31:30 | GameAutomationBot |     INFO | click_at_point:46 | ✅ Clicked at (3496, 179) using default method
2025-08-01 20:31:30 | GameAutomationBot |     INFO | _handle_ads_with_yolo:239 | ✅ Successfully clicked close_ad
2025-08-01 20:31:31 | GameAutomationBot |     INFO | find_objects_on_screen:399 | 🔍 YOLO detection found 0 objects
2025-08-01 20:31:31 | GameAutomationBot |     INFO | start_farming:130 | 🔄 Step 6: Sleeping for 65s - checking for second ad...
2025-08-01 20:32:37 | GameAutomationBot |    DEBUG | find_objects_on_screen:394 | 🎯 Found close_ad at (3496, 173) with confidence 0.48
2025-08-01 20:32:37 | GameAutomationBot |     INFO | find_objects_on_screen:399 | 🔍 YOLO detection found 1 objects
2025-08-01 20:32:37 | GameAutomationBot |     INFO | _handle_ads_with_yolo:234 | ✅ Found close_ad with confidence 0.48
2025-08-01 20:32:37 | GameAutomationBot |     INFO | click_at_point:46 | ✅ Clicked at (3496, 173) using default method
2025-08-01 20:32:37 | GameAutomationBot |     INFO | _handle_ads_with_yolo:239 | ✅ Successfully clicked close_ad
2025-08-01 20:32:38 | GameAutomationBot |     INFO | start_farming:140 | ✅ YOLO-enhanced farming sequence completed successfully
2025-08-01 20:32:38 | GameAutomationBot |     INFO | run_farming_cycle:288 | ✅ YOLO-enhanced farming sequence completed successfully
2025-08-01 20:32:38 | GameAutomationBot |     INFO | continuous_farming:311 | 📊 Farming cycle results: {'ads_handled': False, 'rewards_collected': False, 'rest_clicked': True, 'cycle_time': 1754091018.4178963, 'sequence_completed': True, 'yolo_enabled': True}
2025-08-01 20:32:38 | GameAutomationBot |     INFO | continuous_farming:314 | 🌱 Greens collected: 2/25
2025-08-01 20:32:38 | GameAutomationBot |     INFO | continuous_farming:317 | ⏰ Waiting 5s until next cycle...
2025-08-01 20:32:43 | GameAutomationBot |     INFO | run_farming_cycle:274 | 🔄 Running YOLO-enhanced farming cycle...
2025-08-01 20:32:43 | GameAutomationBot |    DEBUG | find_objects_on_screen:394 | 🎯 Found close_ad at (3496, 175) with confidence 0.80
2025-08-01 20:32:43 | GameAutomationBot |     INFO | find_objects_on_screen:399 | 🔍 YOLO detection found 1 objects
2025-08-01 20:32:43 | GameAutomationBot |     INFO | _handle_ads_with_yolo:234 | ✅ Found close_ad with confidence 0.80
2025-08-01 20:32:44 | GameAutomationBot |     INFO | click_at_point:46 | ✅ Clicked at (3496, 175) using default method
2025-08-01 20:32:44 | GameAutomationBot |     INFO | _handle_ads_with_yolo:239 | ✅ Successfully clicked close_ad
2025-08-01 20:32:45 | GameAutomationBot |     INFO | start_farming:64 | 🌾 Starting YOLO-enhanced resource farming sequence...
2025-08-01 20:32:45 | GameAutomationBot |     INFO | start_farming:68 | 🔍 Step 1: Looking for rest icon using YOLO...
2025-08-01 20:32:45 | GameAutomationBot |    DEBUG | find_objects_on_screen:394 | 🎯 Found rest_pack at (2174, 172) with confidence 0.81
2025-08-01 20:32:45 | GameAutomationBot |     INFO | find_objects_on_screen:399 | 🔍 YOLO detection found 1 objects
2025-08-01 20:32:45 | GameAutomationBot |     INFO | find_best_match:426 | ✅ Best match: rest_pack (confidence: 0.81)
2025-08-01 20:32:45 | GameAutomationBot |     INFO | start_farming:81 | ✅ Step 1: Found and clicking rest icon
2025-08-01 20:32:46 | GameAutomationBot |     INFO | click_at_point:46 | ✅ Clicked at (2174, 172) using default method
2025-08-01 20:32:46 | GameAutomationBot |     INFO | start_farming:88 | ⏳ Step 2: Waiting for watch ads button to appear...
2025-08-01 20:32:51 | GameAutomationBot |    DEBUG | find_objects_on_screen:394 | 🎯 Found watch_ads_general at (3354, 522) with confidence 0.86
2025-08-01 20:32:51 | GameAutomationBot |    DEBUG | find_objects_on_screen:394 | 🎯 Found watch_ads_general at (3351, 1284) with confidence 0.75
2025-08-01 20:32:51 | GameAutomationBot |     INFO | find_objects_on_screen:399 | 🔍 YOLO detection found 2 objects
2025-08-01 20:32:51 | GameAutomationBot |     INFO | find_best_match:426 | ✅ Best match: watch_ads_general (confidence: 0.86)
2025-08-01 20:32:51 | GameAutomationBot |     INFO | start_farming:97 | ✅ Step 2: Found watch ads button using class: watch_ads_general
2025-08-01 20:32:51 | GameAutomationBot |     INFO | click_at_point:46 | ✅ Clicked at (3354, 522) using default method
2025-08-01 20:32:54 | GameAutomationBot |     INFO | start_farming:109 | 😴 Step 3: Sleeping for 61 seconds...
2025-08-01 20:33:55 | GameAutomationBot |     INFO | start_farming:113 | 🔄 Step 4: Attempting to skip ads using YOLO...
2025-08-01 20:33:56 | GameAutomationBot |     INFO | find_objects_on_screen:399 | 🔍 YOLO detection found 0 objects
2025-08-01 20:33:56 | GameAutomationBot |     INFO | _handle_ads_with_yolo:228 | ❌ No objects found for classes: ['skip_ad']
2025-08-01 20:33:56 | GameAutomationBot |     INFO | start_farming:118 | 🔄 Step 5: No skip ads found, trying close ads...
2025-08-01 20:33:56 | GameAutomationBot |    DEBUG | find_objects_on_screen:394 | 🎯 Found close_ad at (3414, 532) with confidence 0.58
2025-08-01 20:33:56 | GameAutomationBot |     INFO | find_objects_on_screen:399 | 🔍 YOLO detection found 1 objects
2025-08-01 20:33:56 | GameAutomationBot |     INFO | _handle_ads_with_yolo:234 | ✅ Found close_ad with confidence 0.58
2025-08-01 20:33:57 | GameAutomationBot |     INFO | click_at_point:46 | ✅ Clicked at (3414, 532) using default method
2025-08-01 20:33:57 | GameAutomationBot |     INFO | _handle_ads_with_yolo:239 | ✅ Successfully clicked close_ad
2025-08-01 20:33:58 | GameAutomationBot |     INFO | find_objects_on_screen:399 | 🔍 YOLO detection found 0 objects
2025-08-01 20:33:58 | GameAutomationBot |     INFO | start_farming:130 | 🔄 Step 6: Sleeping for 65s - checking for second ad...
2025-08-01 20:35:03 | GameAutomationBot |     INFO | find_objects_on_screen:399 | 🔍 YOLO detection found 0 objects
2025-08-01 20:35:03 | GameAutomationBot |     INFO | _handle_ads_with_yolo:228 | ❌ No objects found for classes: ['close_ad']
2025-08-01 20:35:03 | GameAutomationBot |     INFO | start_farming:140 | ✅ YOLO-enhanced farming sequence completed successfully
2025-08-01 20:35:03 | GameAutomationBot |     INFO | run_farming_cycle:288 | ✅ YOLO-enhanced farming sequence completed successfully
2025-08-01 20:35:03 | GameAutomationBot |     INFO | continuous_farming:311 | 📊 Farming cycle results: {'ads_handled': True, 'rewards_collected': False, 'rest_clicked': True, 'cycle_time': 1754091163.62056, 'sequence_completed': True, 'yolo_enabled': True}
2025-08-01 20:35:03 | GameAutomationBot |     INFO | continuous_farming:314 | 🌱 Greens collected: 3/25
2025-08-01 20:35:03 | GameAutomationBot |     INFO | continuous_farming:317 | ⏰ Waiting 5s until next cycle...
2025-08-01 20:35:08 | GameAutomationBot |     INFO | run_farming_cycle:274 | 🔄 Running YOLO-enhanced farming cycle...
2025-08-01 20:35:09 | GameAutomationBot |     INFO | find_objects_on_screen:399 | 🔍 YOLO detection found 0 objects
2025-08-01 20:35:09 | GameAutomationBot |     INFO | _handle_ads_with_yolo:228 | ❌ No objects found for classes: ['close_ad', 'close', 'skip_ad', 'skip', 'x_button']
2025-08-01 20:35:09 | GameAutomationBot |     INFO | start_farming:64 | 🌾 Starting YOLO-enhanced resource farming sequence...
2025-08-01 20:35:09 | GameAutomationBot |     INFO | start_farming:68 | 🔍 Step 1: Looking for rest icon using YOLO...
2025-08-01 20:35:09 | GameAutomationBot |     INFO | find_objects_on_screen:399 | 🔍 YOLO detection found 0 objects
2025-08-01 20:35:09 | GameAutomationBot |  WARNING | start_farming:73 | ⚠️ 4 with YOLO - taking debug screenshot
2025-08-01 20:35:10 | GameAutomationBot |     INFO | save_annotated_screenshot:556 | 📸 Annotated screenshot saved: logs\rest_icon_not_found_yolo.png
2025-08-01 20:35:10 | GameAutomationBot |  WARNING | start_farming:77 | 🛑 Stopping farming sequence - rest icon not available
2025-08-01 20:35:10 | GameAutomationBot |  WARNING | run_farming_cycle:290 | ⚠️ Farming sequence failed - will retry in next cycle
2025-08-01 20:35:10 | GameAutomationBot |     INFO | continuous_farming:311 | 📊 Farming cycle results: {'ads_handled': False, 'rewards_collected': False, 'rest_clicked': False, 'cycle_time': 1754091308.6720102, 'sequence_completed': False, 'yolo_enabled': True}
2025-08-01 20:35:10 | GameAutomationBot |     INFO | continuous_farming:324 | 🏁 YOLO-enhanced continuous farming stopped. Total greens: 3
2025-08-01 20:37:14 | GameAutomationBot |     INFO | start_resource_farming:147 | 🌾 Starting YOLO-enhanced resource farming automation...
2025-08-01 20:37:14 | GameAutomationBot |     INFO | start_farming:64 | 🌾 Starting YOLO-enhanced resource farming sequence...
2025-08-01 20:37:14 | GameAutomationBot |     INFO | start_farming:68 | 🔍 Step 1: Looking for rest icon using YOLO...
2025-08-01 20:37:14 | GameAutomationBot |    DEBUG | find_objects_on_screen:394 | 🎯 Found rest_pack at (2174, 172) with confidence 0.74
2025-08-01 20:37:14 | GameAutomationBot |     INFO | find_objects_on_screen:399 | 🔍 YOLO detection found 1 objects
2025-08-01 20:37:14 | GameAutomationBot |     INFO | find_best_match:426 | ✅ Best match: rest_pack (confidence: 0.74)
2025-08-01 20:37:14 | GameAutomationBot |     INFO | start_farming:81 | ✅ Step 1: Found and clicking rest icon
2025-08-01 20:37:15 | GameAutomationBot |     INFO | click_at_point:46 | ✅ Clicked at (2174, 172) using default method
2025-08-01 20:37:15 | GameAutomationBot |     INFO | start_farming:88 | ⏳ Step 2: Waiting for watch ads button to appear...
2025-08-01 20:37:20 | GameAutomationBot |    DEBUG | find_objects_on_screen:394 | 🎯 Found watch_ads_general at (3350, 523) with confidence 0.86
2025-08-01 20:37:20 | GameAutomationBot |    DEBUG | find_objects_on_screen:394 | 🎯 Found watch_ads_general at (3351, 1284) with confidence 0.75
2025-08-01 20:37:20 | GameAutomationBot |     INFO | find_objects_on_screen:399 | 🔍 YOLO detection found 2 objects
2025-08-01 20:37:20 | GameAutomationBot |     INFO | find_best_match:426 | ✅ Best match: watch_ads_general (confidence: 0.86)
2025-08-01 20:37:20 | GameAutomationBot |     INFO | start_farming:97 | ✅ Step 2: Found watch ads button using class: watch_ads_general
2025-08-01 20:37:20 | GameAutomationBot |     INFO | click_at_point:46 | ✅ Clicked at (3350, 523) using default method
2025-08-01 20:37:23 | GameAutomationBot |     INFO | start_farming:109 | 😴 Step 3: Sleeping for 61 seconds...
2025-08-01 20:38:24 | GameAutomationBot |     INFO | start_farming:113 | 🔄 Step 4: Attempting to skip ads using YOLO...
2025-08-01 20:38:25 | GameAutomationBot |     INFO | find_objects_on_screen:399 | 🔍 YOLO detection found 0 objects
2025-08-01 20:38:25 | GameAutomationBot |     INFO | _handle_ads_with_yolo:228 | ❌ No objects found for classes: ['skip_ad']
2025-08-01 20:38:25 | GameAutomationBot |     INFO | start_farming:118 | 🔄 Step 5: No skip ads found, trying close ads...
2025-08-01 20:38:25 | GameAutomationBot |    DEBUG | find_objects_on_screen:394 | 🎯 Found close_ad at (3417, 510) with confidence 0.49
2025-08-01 20:38:25 | GameAutomationBot |     INFO | find_objects_on_screen:399 | 🔍 YOLO detection found 1 objects
2025-08-01 20:38:25 | GameAutomationBot |     INFO | _handle_ads_with_yolo:234 | ✅ Found close_ad with confidence 0.49
2025-08-01 20:38:26 | GameAutomationBot |     INFO | click_at_point:46 | ✅ Clicked at (3417, 510) using default method
2025-08-01 20:38:26 | GameAutomationBot |     INFO | _handle_ads_with_yolo:239 | ✅ Successfully clicked close_ad
2025-08-01 20:38:27 | GameAutomationBot |     INFO | find_objects_on_screen:399 | 🔍 YOLO detection found 0 objects
2025-08-01 20:38:27 | GameAutomationBot |     INFO | start_farming:130 | 🔄 Step 6: Sleeping for 65s - checking for second ad...
2025-08-01 20:39:32 | GameAutomationBot |     INFO | find_objects_on_screen:399 | 🔍 YOLO detection found 0 objects
2025-08-01 20:39:32 | GameAutomationBot |     INFO | _handle_ads_with_yolo:228 | ❌ No objects found for classes: ['close_ad']
2025-08-01 20:39:32 | GameAutomationBot |     INFO | start_farming:140 | ✅ YOLO-enhanced farming sequence completed successfully
2025-08-01 20:39:32 | GameAutomationBot |    DEBUG | setup_key_handler:70 | Keyboard listener started
2025-08-01 20:39:32 | GameAutomationBot |     INFO | continuous_farming:301 | 🔁 Starting YOLO-enhanced continuous farming (interval: 5s)
2025-08-01 20:39:32 | GameAutomationBot |     INFO | run_farming_cycle:274 | 🔄 Running YOLO-enhanced farming cycle...
2025-08-01 20:39:33 | GameAutomationBot |     INFO | find_objects_on_screen:399 | 🔍 YOLO detection found 0 objects
2025-08-01 20:39:33 | GameAutomationBot |     INFO | _handle_ads_with_yolo:228 | ❌ No objects found for classes: ['close_ad', 'close', 'skip_ad', 'skip', 'x_button']
2025-08-01 20:39:33 | GameAutomationBot |     INFO | start_farming:64 | 🌾 Starting YOLO-enhanced resource farming sequence...
2025-08-01 20:39:33 | GameAutomationBot |     INFO | start_farming:68 | 🔍 Step 1: Looking for rest icon using YOLO...
2025-08-01 20:39:33 | GameAutomationBot |     INFO | find_objects_on_screen:399 | 🔍 YOLO detection found 0 objects
2025-08-01 20:39:33 | GameAutomationBot |  WARNING | start_farming:73 | ⚠️ 4 with YOLO - taking debug screenshot
2025-08-01 20:39:34 | GameAutomationBot |     INFO | save_annotated_screenshot:556 | 📸 Annotated screenshot saved: logs\rest_icon_not_found_yolo.png
2025-08-01 20:39:34 | GameAutomationBot |  WARNING | start_farming:77 | 🛑 Stopping farming sequence - rest icon not available
2025-08-01 20:39:34 | GameAutomationBot |  WARNING | run_farming_cycle:290 | ⚠️ Farming sequence failed - will retry in next cycle
2025-08-01 20:39:34 | GameAutomationBot |     INFO | continuous_farming:311 | 📊 Farming cycle results: {'ads_handled': False, 'rewards_collected': False, 'rest_clicked': False, 'cycle_time': 1754091572.8161068, 'sequence_completed': False, 'yolo_enabled': True}
2025-08-01 20:39:34 | GameAutomationBot |     INFO | continuous_farming:324 | 🏁 YOLO-enhanced continuous farming stopped. Total greens: 0
2025-08-01 20:50:58 | GameAutomationBot |     INFO | start_resource_farming:147 | 🌾 Starting YOLO-enhanced resource farming automation...
2025-08-01 20:50:58 | GameAutomationBot |     INFO | start_farming:64 | 🌾 Starting YOLO-enhanced resource farming sequence...
2025-08-01 20:50:58 | GameAutomationBot |     INFO | start_farming:68 | 🔍 Step 1: Looking for rest icon using YOLO...
2025-08-01 20:50:58 | GameAutomationBot |    DEBUG | find_objects_on_screen:394 | 🎯 Found rest_pack at (2174, 172) with confidence 0.74
2025-08-01 20:50:58 | GameAutomationBot |     INFO | find_objects_on_screen:399 | 🔍 YOLO detection found 1 objects
2025-08-01 20:50:58 | GameAutomationBot |     INFO | find_best_match:426 | ✅ Best match: rest_pack (confidence: 0.74)
2025-08-01 20:50:58 | GameAutomationBot |     INFO | start_farming:81 | ✅ Step 1: Found and clicking rest icon
2025-08-01 20:50:58 | GameAutomationBot |     INFO | click_at_point:46 | ✅ Clicked at (2174, 172) using default method
2025-08-01 20:50:58 | GameAutomationBot |     INFO | start_farming:88 | ⏳ Step 2: Waiting for watch ads button to appear...
2025-08-01 20:51:04 | GameAutomationBot |    DEBUG | find_objects_on_screen:394 | 🎯 Found watch_ads_general at (3354, 522) with confidence 0.84
2025-08-01 20:51:04 | GameAutomationBot |    DEBUG | find_objects_on_screen:394 | 🎯 Found watch_ads_general at (3410, 522) with confidence 0.14
2025-08-01 20:51:04 | GameAutomationBot |     INFO | find_objects_on_screen:399 | 🔍 YOLO detection found 2 objects
2025-08-01 20:51:04 | GameAutomationBot |     INFO | find_best_match:426 | ✅ Best match: watch_ads_general (confidence: 0.84)
2025-08-01 20:51:04 | GameAutomationBot |     INFO | start_farming:97 | ✅ Step 2: Found watch ads button using class: watch_ads_general
2025-08-01 20:51:04 | GameAutomationBot |     INFO | click_at_point:46 | ✅ Clicked at (3354, 522) using default method
2025-08-01 20:51:07 | GameAutomationBot |     INFO | start_farming:109 | 😴 Step 3: Sleeping for 61 seconds...
2025-08-01 20:52:08 | GameAutomationBot |     INFO | start_farming:113 | 🔄 Step 4: Attempting to skip ads using YOLO...
2025-08-01 20:52:09 | GameAutomationBot |     INFO | find_objects_on_screen:399 | 🔍 YOLO detection found 0 objects
2025-08-01 20:52:09 | GameAutomationBot |     INFO | _handle_ads_with_yolo:228 | ❌ No objects found for classes: ['skip_ad']
2025-08-01 20:52:09 | GameAutomationBot |     INFO | start_farming:118 | 🔄 Step 5: No skip ads found, trying close ads...
2025-08-01 20:52:09 | GameAutomationBot |    DEBUG | find_objects_on_screen:394 | 🎯 Found close_ad at (247, 168) with confidence 0.39
2025-08-01 20:52:09 | GameAutomationBot |     INFO | find_objects_on_screen:399 | 🔍 YOLO detection found 1 objects
2025-08-01 20:52:09 | GameAutomationBot |     INFO | _handle_ads_with_yolo:234 | ✅ Found close_ad with confidence 0.39
2025-08-01 20:52:09 | GameAutomationBot |     INFO | click_at_point:46 | ✅ Clicked at (247, 168) using default method
2025-08-01 20:52:09 | GameAutomationBot |     INFO | _handle_ads_with_yolo:239 | ✅ Successfully clicked close_ad
2025-08-01 20:52:11 | GameAutomationBot |     INFO | find_objects_on_screen:399 | 🔍 YOLO detection found 0 objects
2025-08-01 20:52:11 | GameAutomationBot |     INFO | start_farming:130 | 🔄 Step 6: Sleeping for 65s - checking for second ad...
2025-08-01 20:53:16 | GameAutomationBot |     INFO | find_objects_on_screen:399 | 🔍 YOLO detection found 0 objects
2025-08-01 20:53:16 | GameAutomationBot |     INFO | _handle_ads_with_yolo:228 | ❌ No objects found for classes: ['close_ad']
2025-08-01 20:53:16 | GameAutomationBot |     INFO | start_farming:140 | ✅ YOLO-enhanced farming sequence completed successfully
2025-08-01 20:53:16 | GameAutomationBot |    DEBUG | setup_key_handler:70 | Keyboard listener started
2025-08-01 20:53:16 | GameAutomationBot |     INFO | continuous_farming:301 | 🔁 Starting YOLO-enhanced continuous farming (interval: 5s)
2025-08-01 20:53:16 | GameAutomationBot |     INFO | run_farming_cycle:274 | 🔄 Running YOLO-enhanced farming cycle...
2025-08-01 20:53:16 | GameAutomationBot |     INFO | find_objects_on_screen:399 | 🔍 YOLO detection found 0 objects
2025-08-01 20:53:16 | GameAutomationBot |     INFO | _handle_ads_with_yolo:228 | ❌ No objects found for classes: ['close_ad', 'close', 'skip_ad', 'skip', 'x_button']
2025-08-01 20:53:16 | GameAutomationBot |     INFO | start_farming:64 | 🌾 Starting YOLO-enhanced resource farming sequence...
2025-08-01 20:53:16 | GameAutomationBot |     INFO | start_farming:68 | 🔍 Step 1: Looking for rest icon using YOLO...
2025-08-01 20:53:17 | GameAutomationBot |    DEBUG | find_objects_on_screen:394 | 🎯 Found rest_pack at (2174, 172) with confidence 0.83
2025-08-01 20:53:17 | GameAutomationBot |     INFO | find_objects_on_screen:399 | 🔍 YOLO detection found 1 objects
2025-08-01 20:53:17 | GameAutomationBot |     INFO | find_best_match:426 | ✅ Best match: rest_pack (confidence: 0.83)
2025-08-01 20:53:17 | GameAutomationBot |     INFO | start_farming:81 | ✅ Step 1: Found and clicking rest icon
2025-08-01 20:53:17 | GameAutomationBot |     INFO | click_at_point:46 | ✅ Clicked at (2174, 172) using default method
2025-08-01 20:53:17 | GameAutomationBot |     INFO | start_farming:88 | ⏳ Step 2: Waiting for watch ads button to appear...
2025-08-01 20:53:23 | GameAutomationBot |    DEBUG | find_objects_on_screen:394 | 🎯 Found watch_ads_general at (3349, 524) with confidence 0.82
2025-08-01 20:53:23 | GameAutomationBot |    DEBUG | find_objects_on_screen:394 | 🎯 Found watch_ads_general at (3351, 1284) with confidence 0.72
2025-08-01 20:53:23 | GameAutomationBot |     INFO | find_objects_on_screen:399 | 🔍 YOLO detection found 2 objects
2025-08-01 20:53:23 | GameAutomationBot |     INFO | find_best_match:426 | ✅ Best match: watch_ads_general (confidence: 0.82)
2025-08-01 20:53:23 | GameAutomationBot |     INFO | start_farming:97 | ✅ Step 2: Found watch ads button using class: watch_ads_general
2025-08-01 20:53:23 | GameAutomationBot |     INFO | click_at_point:46 | ✅ Clicked at (3349, 524) using default method
2025-08-01 20:53:26 | GameAutomationBot |     INFO | start_farming:109 | 😴 Step 3: Sleeping for 61 seconds...
2025-08-01 20:54:27 | GameAutomationBot |     INFO | start_farming:113 | 🔄 Step 4: Attempting to skip ads using YOLO...
2025-08-01 20:54:27 | GameAutomationBot |     INFO | find_objects_on_screen:399 | 🔍 YOLO detection found 0 objects
2025-08-01 20:54:27 | GameAutomationBot |     INFO | _handle_ads_with_yolo:228 | ❌ No objects found for classes: ['skip_ad']
2025-08-01 20:54:27 | GameAutomationBot |     INFO | start_farming:118 | 🔄 Step 5: No skip ads found, trying close ads...
2025-08-01 20:54:28 | GameAutomationBot |    DEBUG | find_objects_on_screen:394 | 🎯 Found close_ad at (3416, 510) with confidence 0.56
2025-08-01 20:54:28 | GameAutomationBot |     INFO | find_objects_on_screen:399 | 🔍 YOLO detection found 1 objects
2025-08-01 20:54:28 | GameAutomationBot |     INFO | _handle_ads_with_yolo:234 | ✅ Found close_ad with confidence 0.56
2025-08-01 20:54:28 | GameAutomationBot |     INFO | click_at_point:46 | ✅ Clicked at (3416, 510) using default method
2025-08-01 20:54:28 | GameAutomationBot |     INFO | _handle_ads_with_yolo:239 | ✅ Successfully clicked close_ad
2025-08-01 20:54:30 | GameAutomationBot |     INFO | find_objects_on_screen:399 | 🔍 YOLO detection found 0 objects
2025-08-01 20:54:30 | GameAutomationBot |     INFO | start_farming:130 | 🔄 Step 6: Sleeping for 65s - checking for second ad...
2025-08-01 20:55:35 | GameAutomationBot |    DEBUG | find_objects_on_screen:394 | 🎯 Found close_ad at (3417, 510) with confidence 0.59
2025-08-01 20:55:35 | GameAutomationBot |     INFO | find_objects_on_screen:399 | 🔍 YOLO detection found 1 objects
2025-08-01 20:55:35 | GameAutomationBot |     INFO | _handle_ads_with_yolo:234 | ✅ Found close_ad with confidence 0.59
2025-08-01 20:55:35 | GameAutomationBot |     INFO | click_at_point:46 | ✅ Clicked at (3417, 510) using default method
2025-08-01 20:55:35 | GameAutomationBot |     INFO | _handle_ads_with_yolo:239 | ✅ Successfully clicked close_ad
2025-08-01 20:55:36 | GameAutomationBot |     INFO | start_farming:140 | ✅ YOLO-enhanced farming sequence completed successfully
2025-08-01 20:55:36 | GameAutomationBot |     INFO | run_farming_cycle:288 | ✅ YOLO-enhanced farming sequence completed successfully
2025-08-01 20:55:36 | GameAutomationBot |     INFO | continuous_farming:311 | 📊 Farming cycle results: {'ads_handled': False, 'rewards_collected': False, 'rest_clicked': True, 'cycle_time': 1754092396.5061417, 'sequence_completed': True, 'yolo_enabled': True}
2025-08-01 20:55:36 | GameAutomationBot |     INFO | continuous_farming:314 | 🌱 Greens collected: 1/25
2025-08-01 20:55:36 | GameAutomationBot |     INFO | continuous_farming:317 | ⏰ Waiting 5s until next cycle...
2025-08-01 20:55:41 | GameAutomationBot |     INFO | run_farming_cycle:274 | 🔄 Running YOLO-enhanced farming cycle...
2025-08-01 20:55:42 | GameAutomationBot |     INFO | find_objects_on_screen:399 | 🔍 YOLO detection found 0 objects
2025-08-01 20:55:42 | GameAutomationBot |     INFO | _handle_ads_with_yolo:228 | ❌ No objects found for classes: ['close_ad', 'close', 'skip_ad', 'skip', 'x_button']
2025-08-01 20:55:42 | GameAutomationBot |     INFO | start_farming:64 | 🌾 Starting YOLO-enhanced resource farming sequence...
2025-08-01 20:55:42 | GameAutomationBot |     INFO | start_farming:68 | 🔍 Step 1: Looking for rest icon using YOLO...
2025-08-01 20:55:42 | GameAutomationBot |    DEBUG | find_objects_on_screen:394 | 🎯 Found rest_pack at (2174, 172) with confidence 0.82
2025-08-01 20:55:42 | GameAutomationBot |     INFO | find_objects_on_screen:399 | 🔍 YOLO detection found 1 objects
2025-08-01 20:55:42 | GameAutomationBot |     INFO | find_best_match:426 | ✅ Best match: rest_pack (confidence: 0.82)
2025-08-01 20:55:42 | GameAutomationBot |     INFO | start_farming:81 | ✅ Step 1: Found and clicking rest icon
2025-08-01 20:55:42 | GameAutomationBot |     INFO | click_at_point:46 | ✅ Clicked at (2174, 172) using default method
2025-08-01 20:55:42 | GameAutomationBot |     INFO | start_farming:88 | ⏳ Step 2: Waiting for watch ads button to appear...
2025-08-01 20:55:48 | GameAutomationBot |    DEBUG | find_objects_on_screen:394 | 🎯 Found watch_ads_general at (3349, 523) with confidence 0.82
2025-08-01 20:55:48 | GameAutomationBot |    DEBUG | find_objects_on_screen:394 | 🎯 Found watch_ads_general at (3351, 1284) with confidence 0.76
2025-08-01 20:55:48 | GameAutomationBot |    DEBUG | find_objects_on_screen:394 | 🎯 Found watch_ads_general at (3412, 522) with confidence 0.10
2025-08-01 20:55:48 | GameAutomationBot |     INFO | find_objects_on_screen:399 | 🔍 YOLO detection found 3 objects
2025-08-01 20:55:48 | GameAutomationBot |     INFO | find_best_match:426 | ✅ Best match: watch_ads_general (confidence: 0.82)
2025-08-01 20:55:48 | GameAutomationBot |     INFO | start_farming:97 | ✅ Step 2: Found watch ads button using class: watch_ads_general
2025-08-01 20:55:48 | GameAutomationBot |     INFO | click_at_point:46 | ✅ Clicked at (3349, 523) using default method
2025-08-01 20:55:51 | GameAutomationBot |     INFO | start_farming:109 | 😴 Step 3: Sleeping for 61 seconds...
2025-08-01 20:56:52 | GameAutomationBot |     INFO | start_farming:113 | 🔄 Step 4: Attempting to skip ads using YOLO...
2025-08-01 20:56:53 | GameAutomationBot |     INFO | find_objects_on_screen:399 | 🔍 YOLO detection found 0 objects
2025-08-01 20:56:53 | GameAutomationBot |     INFO | _handle_ads_with_yolo:228 | ❌ No objects found for classes: ['skip_ad']
2025-08-01 20:56:53 | GameAutomationBot |     INFO | start_farming:118 | 🔄 Step 5: No skip ads found, trying close ads...
2025-08-01 20:56:53 | GameAutomationBot |    DEBUG | find_objects_on_screen:394 | 🎯 Found close_ad at (3417, 510) with confidence 0.45
2025-08-01 20:56:53 | GameAutomationBot |     INFO | find_objects_on_screen:399 | 🔍 YOLO detection found 1 objects
2025-08-01 20:56:53 | GameAutomationBot |     INFO | _handle_ads_with_yolo:234 | ✅ Found close_ad with confidence 0.45
2025-08-01 20:56:53 | GameAutomationBot |     INFO | click_at_point:46 | ✅ Clicked at (3417, 510) using default method
2025-08-01 20:56:53 | GameAutomationBot |     INFO | _handle_ads_with_yolo:239 | ✅ Successfully clicked close_ad
2025-08-01 20:56:55 | GameAutomationBot |     INFO | find_objects_on_screen:399 | 🔍 YOLO detection found 0 objects
2025-08-01 20:56:55 | GameAutomationBot |     INFO | start_farming:130 | 🔄 Step 6: Sleeping for 65s - checking for second ad...
2025-08-01 20:58:00 | GameAutomationBot |    DEBUG | find_objects_on_screen:394 | 🎯 Found close_ad at (3417, 510) with confidence 0.54
2025-08-01 20:58:00 | GameAutomationBot |     INFO | find_objects_on_screen:399 | 🔍 YOLO detection found 1 objects
2025-08-01 20:58:00 | GameAutomationBot |     INFO | _handle_ads_with_yolo:234 | ✅ Found close_ad with confidence 0.54
2025-08-01 20:58:00 | GameAutomationBot |     INFO | click_at_point:46 | ✅ Clicked at (3417, 510) using default method
2025-08-01 20:58:00 | GameAutomationBot |     INFO | _handle_ads_with_yolo:239 | ✅ Successfully clicked close_ad
2025-08-01 20:58:01 | GameAutomationBot |     INFO | start_farming:140 | ✅ YOLO-enhanced farming sequence completed successfully
2025-08-01 20:58:01 | GameAutomationBot |     INFO | run_farming_cycle:288 | ✅ YOLO-enhanced farming sequence completed successfully
2025-08-01 20:58:01 | GameAutomationBot |     INFO | continuous_farming:311 | 📊 Farming cycle results: {'ads_handled': False, 'rewards_collected': False, 'rest_clicked': True, 'cycle_time': 1754092541.8653092, 'sequence_completed': True, 'yolo_enabled': True}
2025-08-01 20:58:01 | GameAutomationBot |     INFO | continuous_farming:314 | 🌱 Greens collected: 2/25
2025-08-01 20:58:01 | GameAutomationBot |     INFO | continuous_farming:317 | ⏰ Waiting 5s until next cycle...
2025-08-01 20:58:06 | GameAutomationBot |     INFO | run_farming_cycle:274 | 🔄 Running YOLO-enhanced farming cycle...
2025-08-01 20:58:07 | GameAutomationBot |     INFO | find_objects_on_screen:399 | 🔍 YOLO detection found 0 objects
2025-08-01 20:58:07 | GameAutomationBot |     INFO | _handle_ads_with_yolo:228 | ❌ No objects found for classes: ['close_ad', 'close', 'skip_ad', 'skip', 'x_button']
2025-08-01 20:58:07 | GameAutomationBot |     INFO | start_farming:64 | 🌾 Starting YOLO-enhanced resource farming sequence...
2025-08-01 20:58:07 | GameAutomationBot |     INFO | start_farming:68 | 🔍 Step 1: Looking for rest icon using YOLO...
2025-08-01 20:58:07 | GameAutomationBot |    DEBUG | find_objects_on_screen:394 | 🎯 Found rest_pack at (2174, 172) with confidence 0.82
2025-08-01 20:58:07 | GameAutomationBot |     INFO | find_objects_on_screen:399 | 🔍 YOLO detection found 1 objects
2025-08-01 20:58:07 | GameAutomationBot |     INFO | find_best_match:426 | ✅ Best match: rest_pack (confidence: 0.82)
2025-08-01 20:58:07 | GameAutomationBot |     INFO | start_farming:81 | ✅ Step 1: Found and clicking rest icon
2025-08-01 20:58:08 | GameAutomationBot |     INFO | click_at_point:46 | ✅ Clicked at (2174, 172) using default method
2025-08-01 20:58:08 | GameAutomationBot |     INFO | start_farming:88 | ⏳ Step 2: Waiting for watch ads button to appear...
2025-08-01 20:58:13 | GameAutomationBot |    DEBUG | find_objects_on_screen:394 | 🎯 Found watch_ads_general at (3350, 524) with confidence 0.83
2025-08-01 20:58:13 | GameAutomationBot |    DEBUG | find_objects_on_screen:394 | 🎯 Found watch_ads_general at (3351, 1284) with confidence 0.70
2025-08-01 20:58:13 | GameAutomationBot |    DEBUG | find_objects_on_screen:394 | 🎯 Found watch_ads_general at (3420, 522) with confidence 0.10
2025-08-01 20:58:13 | GameAutomationBot |     INFO | find_objects_on_screen:399 | 🔍 YOLO detection found 3 objects
2025-08-01 20:58:13 | GameAutomationBot |     INFO | find_best_match:426 | ✅ Best match: watch_ads_general (confidence: 0.83)
2025-08-01 20:58:13 | GameAutomationBot |     INFO | start_farming:97 | ✅ Step 2: Found watch ads button using class: watch_ads_general
2025-08-01 20:58:13 | GameAutomationBot |     INFO | click_at_point:46 | ✅ Clicked at (3350, 524) using default method
2025-08-01 20:58:16 | GameAutomationBot |     INFO | start_farming:109 | 😴 Step 3: Sleeping for 61 seconds...
2025-08-01 20:59:17 | GameAutomationBot |     INFO | start_farming:113 | 🔄 Step 4: Attempting to skip ads using YOLO...
2025-08-01 20:59:18 | GameAutomationBot |     INFO | find_objects_on_screen:399 | 🔍 YOLO detection found 0 objects
2025-08-01 20:59:18 | GameAutomationBot |     INFO | _handle_ads_with_yolo:228 | ❌ No objects found for classes: ['skip_ad']
2025-08-01 20:59:18 | GameAutomationBot |     INFO | start_farming:118 | 🔄 Step 5: No skip ads found, trying close ads...
2025-08-01 20:59:18 | GameAutomationBot |    DEBUG | find_objects_on_screen:394 | 🎯 Found close_ad at (247, 170) with confidence 0.43
2025-08-01 20:59:18 | GameAutomationBot |     INFO | find_objects_on_screen:399 | 🔍 YOLO detection found 1 objects
2025-08-01 20:59:18 | GameAutomationBot |     INFO | _handle_ads_with_yolo:234 | ✅ Found close_ad with confidence 0.43
2025-08-01 20:59:18 | GameAutomationBot |     INFO | click_at_point:46 | ✅ Clicked at (247, 170) using default method
2025-08-01 20:59:18 | GameAutomationBot |     INFO | _handle_ads_with_yolo:239 | ✅ Successfully clicked close_ad
2025-08-01 20:59:20 | GameAutomationBot |     INFO | find_objects_on_screen:399 | 🔍 YOLO detection found 0 objects
2025-08-01 20:59:20 | GameAutomationBot |     INFO | start_farming:130 | 🔄 Step 6: Sleeping for 65s - checking for second ad...
2025-08-01 21:00:25 | GameAutomationBot |     INFO | find_objects_on_screen:399 | 🔍 YOLO detection found 0 objects
2025-08-01 21:00:25 | GameAutomationBot |     INFO | _handle_ads_with_yolo:228 | ❌ No objects found for classes: ['close_ad']
2025-08-01 21:00:25 | GameAutomationBot |     INFO | start_farming:140 | ✅ YOLO-enhanced farming sequence completed successfully
2025-08-01 21:00:25 | GameAutomationBot |     INFO | run_farming_cycle:288 | ✅ YOLO-enhanced farming sequence completed successfully
2025-08-01 21:00:25 | GameAutomationBot |     INFO | continuous_farming:311 | 📊 Farming cycle results: {'ads_handled': False, 'rewards_collected': False, 'rest_clicked': True, 'cycle_time': 1754092686.950521, 'sequence_completed': True, 'yolo_enabled': True}
2025-08-01 21:00:25 | GameAutomationBot |     INFO | continuous_farming:314 | 🌱 Greens collected: 3/25
2025-08-01 21:00:25 | GameAutomationBot |     INFO | continuous_farming:317 | ⏰ Waiting 5s until next cycle...
2025-08-01 21:00:30 | GameAutomationBot |     INFO | run_farming_cycle:274 | 🔄 Running YOLO-enhanced farming cycle...
2025-08-01 21:00:30 | GameAutomationBot |     INFO | find_objects_on_screen:399 | 🔍 YOLO detection found 0 objects
2025-08-01 21:00:30 | GameAutomationBot |     INFO | _handle_ads_with_yolo:228 | ❌ No objects found for classes: ['close_ad', 'close', 'skip_ad', 'skip', 'x_button']
2025-08-01 21:00:30 | GameAutomationBot |     INFO | start_farming:64 | 🌾 Starting YOLO-enhanced resource farming sequence...
2025-08-01 21:00:30 | GameAutomationBot |     INFO | start_farming:68 | 🔍 Step 1: Looking for rest icon using YOLO...
2025-08-01 21:00:31 | GameAutomationBot |    DEBUG | find_objects_on_screen:394 | 🎯 Found rest_pack at (2174, 172) with confidence 0.82
2025-08-01 21:00:31 | GameAutomationBot |     INFO | find_objects_on_screen:399 | 🔍 YOLO detection found 1 objects
2025-08-01 21:00:31 | GameAutomationBot |     INFO | find_best_match:426 | ✅ Best match: rest_pack (confidence: 0.82)
2025-08-01 21:00:31 | GameAutomationBot |     INFO | start_farming:81 | ✅ Step 1: Found and clicking rest icon
2025-08-01 21:00:31 | GameAutomationBot |     INFO | click_at_point:46 | ✅ Clicked at (2174, 172) using default method
2025-08-01 21:00:31 | GameAutomationBot |     INFO | start_farming:88 | ⏳ Step 2: Waiting for watch ads button to appear...
2025-08-01 21:00:36 | GameAutomationBot |    DEBUG | find_objects_on_screen:394 | 🎯 Found watch_ads_general at (3350, 524) with confidence 0.82
2025-08-01 21:00:36 | GameAutomationBot |    DEBUG | find_objects_on_screen:394 | 🎯 Found watch_ads_general at (3350, 1284) with confidence 0.79
2025-08-01 21:00:36 | GameAutomationBot |    DEBUG | find_objects_on_screen:394 | 🎯 Found watch_ads_general at (3424, 522) with confidence 0.10
2025-08-01 21:00:36 | GameAutomationBot |     INFO | find_objects_on_screen:399 | 🔍 YOLO detection found 3 objects
2025-08-01 21:00:36 | GameAutomationBot |     INFO | find_best_match:426 | ✅ Best match: watch_ads_general (confidence: 0.82)
2025-08-01 21:00:36 | GameAutomationBot |     INFO | start_farming:97 | ✅ Step 2: Found watch ads button using class: watch_ads_general
2025-08-01 21:00:37 | GameAutomationBot |     INFO | click_at_point:46 | ✅ Clicked at (3350, 524) using default method
2025-08-01 21:00:40 | GameAutomationBot |     INFO | start_farming:109 | 😴 Step 3: Sleeping for 61 seconds...
2025-08-01 21:01:41 | GameAutomationBot |     INFO | start_farming:113 | 🔄 Step 4: Attempting to skip ads using YOLO...
2025-08-01 21:01:41 | GameAutomationBot |     INFO | find_objects_on_screen:399 | 🔍 YOLO detection found 0 objects
2025-08-01 21:01:41 | GameAutomationBot |     INFO | _handle_ads_with_yolo:228 | ❌ No objects found for classes: ['skip_ad']
2025-08-01 21:01:41 | GameAutomationBot |     INFO | start_farming:118 | 🔄 Step 5: No skip ads found, trying close ads...
2025-08-01 21:01:42 | GameAutomationBot |    DEBUG | find_objects_on_screen:394 | 🎯 Found close_ad at (247, 169) with confidence 0.17
2025-08-01 21:01:42 | GameAutomationBot |     INFO | find_objects_on_screen:399 | 🔍 YOLO detection found 1 objects
2025-08-01 21:01:42 | GameAutomationBot |     INFO | _handle_ads_with_yolo:234 | ✅ Found close_ad with confidence 0.17
2025-08-01 21:01:42 | GameAutomationBot |     INFO | click_at_point:46 | ✅ Clicked at (247, 169) using default method
2025-08-01 21:01:42 | GameAutomationBot |     INFO | _handle_ads_with_yolo:239 | ✅ Successfully clicked close_ad
2025-08-01 21:01:43 | GameAutomationBot |     INFO | find_objects_on_screen:399 | 🔍 YOLO detection found 0 objects
2025-08-01 21:01:43 | GameAutomationBot |     INFO | start_farming:130 | 🔄 Step 6: Sleeping for 65s - checking for second ad...
2025-08-01 21:02:49 | GameAutomationBot |     INFO | find_objects_on_screen:399 | 🔍 YOLO detection found 0 objects
2025-08-01 21:02:49 | GameAutomationBot |     INFO | _handle_ads_with_yolo:228 | ❌ No objects found for classes: ['close_ad']
2025-08-01 21:02:49 | GameAutomationBot |     INFO | start_farming:140 | ✅ YOLO-enhanced farming sequence completed successfully
2025-08-01 21:02:49 | GameAutomationBot |     INFO | run_farming_cycle:288 | ✅ YOLO-enhanced farming sequence completed successfully
2025-08-01 21:02:49 | GameAutomationBot |     INFO | continuous_farming:311 | 📊 Farming cycle results: {'ads_handled': False, 'rewards_collected': False, 'rest_clicked': True, 'cycle_time': 1754092830.5869372, 'sequence_completed': True, 'yolo_enabled': True}
2025-08-01 21:02:49 | GameAutomationBot |     INFO | continuous_farming:314 | 🌱 Greens collected: 4/25
2025-08-01 21:02:49 | GameAutomationBot |     INFO | continuous_farming:317 | ⏰ Waiting 5s until next cycle...
2025-08-01 21:02:54 | GameAutomationBot |     INFO | run_farming_cycle:274 | 🔄 Running YOLO-enhanced farming cycle...
2025-08-01 21:02:54 | GameAutomationBot |     INFO | find_objects_on_screen:399 | 🔍 YOLO detection found 0 objects
2025-08-01 21:02:54 | GameAutomationBot |     INFO | _handle_ads_with_yolo:228 | ❌ No objects found for classes: ['close_ad', 'close', 'skip_ad', 'skip', 'x_button']
2025-08-01 21:02:54 | GameAutomationBot |     INFO | start_farming:64 | 🌾 Starting YOLO-enhanced resource farming sequence...
2025-08-01 21:02:54 | GameAutomationBot |     INFO | start_farming:68 | 🔍 Step 1: Looking for rest icon using YOLO...
2025-08-01 21:02:54 | GameAutomationBot |    DEBUG | find_objects_on_screen:394 | 🎯 Found rest_pack at (2174, 172) with confidence 0.82
2025-08-01 21:02:54 | GameAutomationBot |     INFO | find_objects_on_screen:399 | 🔍 YOLO detection found 1 objects
2025-08-01 21:02:54 | GameAutomationBot |     INFO | find_best_match:426 | ✅ Best match: rest_pack (confidence: 0.82)
2025-08-01 21:02:54 | GameAutomationBot |     INFO | start_farming:81 | ✅ Step 1: Found and clicking rest icon
2025-08-01 21:02:55 | GameAutomationBot |     INFO | click_at_point:46 | ✅ Clicked at (2174, 172) using default method
2025-08-01 21:02:55 | GameAutomationBot |     INFO | start_farming:88 | ⏳ Step 2: Waiting for watch ads button to appear...
2025-08-01 21:03:00 | GameAutomationBot |    DEBUG | find_objects_on_screen:394 | 🎯 Found watch_ads_general at (3350, 524) with confidence 0.86
2025-08-01 21:03:00 | GameAutomationBot |    DEBUG | find_objects_on_screen:394 | 🎯 Found watch_ads_general at (3351, 1284) with confidence 0.76
2025-08-01 21:03:00 | GameAutomationBot |     INFO | find_objects_on_screen:399 | 🔍 YOLO detection found 2 objects
2025-08-01 21:03:00 | GameAutomationBot |     INFO | find_best_match:426 | ✅ Best match: watch_ads_general (confidence: 0.86)
2025-08-01 21:03:00 | GameAutomationBot |     INFO | start_farming:97 | ✅ Step 2: Found watch ads button using class: watch_ads_general
2025-08-01 21:03:01 | GameAutomationBot |     INFO | click_at_point:46 | ✅ Clicked at (3350, 524) using default method
2025-08-01 21:03:04 | GameAutomationBot |     INFO | start_farming:109 | 😴 Step 3: Sleeping for 61 seconds...
2025-08-01 21:04:05 | GameAutomationBot |     INFO | start_farming:113 | 🔄 Step 4: Attempting to skip ads using YOLO...
2025-08-01 21:04:05 | GameAutomationBot |     INFO | find_objects_on_screen:399 | 🔍 YOLO detection found 0 objects
2025-08-01 21:04:05 | GameAutomationBot |     INFO | _handle_ads_with_yolo:228 | ❌ No objects found for classes: ['skip_ad']
2025-08-01 21:04:05 | GameAutomationBot |     INFO | start_farming:118 | 🔄 Step 5: No skip ads found, trying close ads...
2025-08-01 21:04:05 | GameAutomationBot |    DEBUG | find_objects_on_screen:394 | 🎯 Found close_ad at (3416, 510) with confidence 0.42
2025-08-01 21:04:05 | GameAutomationBot |     INFO | find_objects_on_screen:399 | 🔍 YOLO detection found 1 objects
2025-08-01 21:04:05 | GameAutomationBot |     INFO | _handle_ads_with_yolo:234 | ✅ Found close_ad with confidence 0.42
2025-08-01 21:04:06 | GameAutomationBot |     INFO | click_at_point:46 | ✅ Clicked at (3416, 510) using default method
2025-08-01 21:04:06 | GameAutomationBot |     INFO | _handle_ads_with_yolo:239 | ✅ Successfully clicked close_ad
2025-08-01 21:04:07 | GameAutomationBot |     INFO | find_objects_on_screen:399 | 🔍 YOLO detection found 0 objects
2025-08-01 21:04:07 | GameAutomationBot |     INFO | start_farming:130 | 🔄 Step 6: Sleeping for 65s - checking for second ad...
2025-08-01 21:05:12 | GameAutomationBot |     INFO | find_objects_on_screen:399 | 🔍 YOLO detection found 0 objects
2025-08-01 21:05:12 | GameAutomationBot |     INFO | _handle_ads_with_yolo:228 | ❌ No objects found for classes: ['close_ad']
2025-08-01 21:05:12 | GameAutomationBot |     INFO | start_farming:140 | ✅ YOLO-enhanced farming sequence completed successfully
2025-08-01 21:05:12 | GameAutomationBot |     INFO | run_farming_cycle:288 | ✅ YOLO-enhanced farming sequence completed successfully
2025-08-01 21:05:12 | GameAutomationBot |     INFO | continuous_farming:311 | 📊 Farming cycle results: {'ads_handled': False, 'rewards_collected': False, 'rest_clicked': True, 'cycle_time': 1754092974.2595189, 'sequence_completed': True, 'yolo_enabled': True}
2025-08-01 21:05:12 | GameAutomationBot |     INFO | continuous_farming:314 | 🌱 Greens collected: 5/25
2025-08-01 21:05:12 | GameAutomationBot |     INFO | continuous_farming:317 | ⏰ Waiting 5s until next cycle...
2025-08-01 21:05:17 | GameAutomationBot |     INFO | run_farming_cycle:274 | 🔄 Running YOLO-enhanced farming cycle...
2025-08-01 21:05:18 | GameAutomationBot |     INFO | find_objects_on_screen:399 | 🔍 YOLO detection found 0 objects
2025-08-01 21:05:18 | GameAutomationBot |     INFO | _handle_ads_with_yolo:228 | ❌ No objects found for classes: ['close_ad', 'close', 'skip_ad', 'skip', 'x_button']
2025-08-01 21:05:18 | GameAutomationBot |     INFO | start_farming:64 | 🌾 Starting YOLO-enhanced resource farming sequence...
2025-08-01 21:05:18 | GameAutomationBot |     INFO | start_farming:68 | 🔍 Step 1: Looking for rest icon using YOLO...
2025-08-01 21:05:18 | GameAutomationBot |     INFO | find_objects_on_screen:399 | 🔍 YOLO detection found 0 objects
2025-08-01 21:05:18 | GameAutomationBot |  WARNING | start_farming:73 | ⚠️ 4 with YOLO - taking debug screenshot
2025-08-01 21:05:19 | GameAutomationBot |     INFO | save_annotated_screenshot:556 | 📸 Annotated screenshot saved: logs\rest_icon_not_found_yolo.png
2025-08-01 21:05:19 | GameAutomationBot |  WARNING | start_farming:77 | 🛑 Stopping farming sequence - rest icon not available
2025-08-01 21:05:19 | GameAutomationBot |  WARNING | run_farming_cycle:290 | ⚠️ Farming sequence failed - will retry in next cycle
2025-08-01 21:05:19 | GameAutomationBot |     INFO | continuous_farming:311 | 📊 Farming cycle results: {'ads_handled': False, 'rewards_collected': False, 'rest_clicked': False, 'cycle_time': 1754093117.8442073, 'sequence_completed': False, 'yolo_enabled': True}
2025-08-01 21:05:19 | GameAutomationBot |     INFO | continuous_farming:324 | 🏁 YOLO-enhanced continuous farming stopped. Total greens: 5
2025-08-02 02:21:12 | GameAutomationBot |     INFO | start_resource_farming:147 | 🌾 Starting YOLO-enhanced resource farming automation...
2025-08-02 02:21:12 | GameAutomationBot |     INFO | start_farming:64 | 🌾 Starting YOLO-enhanced resource farming sequence...
2025-08-02 02:21:12 | GameAutomationBot |     INFO | start_farming:68 | 🔍 Step 1: Looking for rest icon using YOLO...
2025-08-02 02:21:12 | GameAutomationBot |    DEBUG | find_objects_on_screen:394 | 🎯 Found rest_pack at (2173, 171) with confidence 0.57
2025-08-02 02:21:12 | GameAutomationBot |     INFO | find_objects_on_screen:399 | 🔍 YOLO detection found 1 objects
2025-08-02 02:21:12 | GameAutomationBot |     INFO | find_best_match:426 | ✅ Best match: rest_pack (confidence: 0.57)
2025-08-02 02:21:12 | GameAutomationBot |     INFO | start_farming:81 | ✅ Step 1: Found and clicking rest icon
2025-08-02 02:21:13 | GameAutomationBot |     INFO | click_at_point:46 | ✅ Clicked at (2173, 171) using default method
2025-08-02 02:21:13 | GameAutomationBot |     INFO | start_farming:88 | ⏳ Step 2: Waiting for watch ads button to appear...
2025-08-02 02:21:18 | GameAutomationBot |     INFO | find_objects_on_screen:399 | 🔍 YOLO detection found 0 objects
2025-08-02 02:21:18 | GameAutomationBot |    ERROR | start_farming:103 | ❌ Watch ads button not found with YOLO
2025-08-02 02:21:19 | GameAutomationBot |     INFO | save_annotated_screenshot:556 | 📸 Annotated screenshot saved: logs\watch_ads_not_found_yolo.png
2025-08-02 02:21:19 | GameAutomationBot |    DEBUG | setup_key_handler:70 | Keyboard listener started
2025-08-02 02:21:19 | GameAutomationBot |     INFO | continuous_farming:301 | 🔁 Starting YOLO-enhanced continuous farming (interval: 5s)
2025-08-02 02:21:19 | GameAutomationBot |     INFO | continuous_farming:324 | 🏁 YOLO-enhanced continuous farming stopped. Total greens: 0
2025-08-02 03:24:01 | GameAutomationBot |     INFO | start_resource_farming:147 | 🌾 Starting YOLO-enhanced resource farming automation...
2025-08-02 03:24:01 | GameAutomationBot |     INFO | start_farming:64 | 🌾 Starting YOLO-enhanced resource farming sequence...
2025-08-02 03:24:01 | GameAutomationBot |     INFO | start_farming:68 | 🔍 Step 1: Looking for rest icon using YOLO...
2025-08-02 03:24:01 | GameAutomationBot |    DEBUG | find_objects_on_screen:394 | 🎯 Found rest_pack at (2174, 172) with confidence 0.75
2025-08-02 03:24:01 | GameAutomationBot |     INFO | find_objects_on_screen:399 | 🔍 YOLO detection found 1 objects
2025-08-02 03:24:01 | GameAutomationBot |     INFO | find_best_match:426 | ✅ Best match: rest_pack (confidence: 0.75)
2025-08-02 03:24:01 | GameAutomationBot |     INFO | start_farming:81 | ✅ Step 1: Found and clicking rest icon
2025-08-02 03:24:02 | GameAutomationBot |     INFO | click_at_point:46 | ✅ Clicked at (2174, 172) using default method
2025-08-02 03:24:02 | GameAutomationBot |     INFO | start_farming:88 | ⏳ Step 2: Waiting for watch ads button to appear...
2025-08-02 03:24:07 | GameAutomationBot |    DEBUG | find_objects_on_screen:394 | 🎯 Found watch_ads_general at (3355, 521) with confidence 0.82
2025-08-02 03:24:07 | GameAutomationBot |    DEBUG | find_objects_on_screen:394 | 🎯 Found watch_ads_general at (3352, 1283) with confidence 0.54
2025-08-02 03:24:07 | GameAutomationBot |     INFO | find_objects_on_screen:399 | 🔍 YOLO detection found 2 objects
2025-08-02 03:24:07 | GameAutomationBot |     INFO | find_best_match:426 | ✅ Best match: watch_ads_general (confidence: 0.82)
2025-08-02 03:24:07 | GameAutomationBot |     INFO | start_farming:97 | ✅ Step 2: Found watch ads button using class: watch_ads_general
2025-08-02 03:24:07 | GameAutomationBot |     INFO | click_at_point:46 | ✅ Clicked at (3355, 521) using default method
2025-08-02 03:24:10 | GameAutomationBot |     INFO | start_farming:109 | 😴 Step 3: Sleeping for 61 seconds...
2025-08-02 03:25:11 | GameAutomationBot |     INFO | start_farming:113 | 🔄 Step 4: Attempting to skip ads using YOLO...
2025-08-02 03:25:12 | GameAutomationBot |     INFO | find_objects_on_screen:399 | 🔍 YOLO detection found 0 objects
2025-08-02 03:25:12 | GameAutomationBot |     INFO | _handle_ads_with_yolo:228 | ❌ No objects found for classes: ['skip_ad']
2025-08-02 03:25:12 | GameAutomationBot |     INFO | start_farming:118 | 🔄 Step 5: No skip ads found, trying close ads...
2025-08-02 03:25:12 | GameAutomationBot |    DEBUG | find_objects_on_screen:394 | 🎯 Found close_ad at (3417, 510) with confidence 0.43
2025-08-02 03:25:12 | GameAutomationBot |     INFO | find_objects_on_screen:399 | 🔍 YOLO detection found 1 objects
2025-08-02 03:25:12 | GameAutomationBot |     INFO | _handle_ads_with_yolo:234 | ✅ Found close_ad with confidence 0.43
2025-08-02 03:25:13 | GameAutomationBot |     INFO | click_at_point:46 | ✅ Clicked at (3417, 510) using default method
2025-08-02 03:25:13 | GameAutomationBot |     INFO | _handle_ads_with_yolo:239 | ✅ Successfully clicked close_ad
2025-08-02 03:25:14 | GameAutomationBot |     INFO | find_objects_on_screen:399 | 🔍 YOLO detection found 0 objects
2025-08-02 03:25:14 | GameAutomationBot |     INFO | start_farming:130 | 🔄 Step 6: Sleeping for 65s - checking for second ad...
2025-08-02 03:26:19 | GameAutomationBot |    DEBUG | find_objects_on_screen:394 | 🎯 Found close_ad at (3417, 510) with confidence 0.53
2025-08-02 03:26:19 | GameAutomationBot |     INFO | find_objects_on_screen:399 | 🔍 YOLO detection found 1 objects
2025-08-02 03:26:19 | GameAutomationBot |     INFO | _handle_ads_with_yolo:234 | ✅ Found close_ad with confidence 0.53
2025-08-02 03:26:20 | GameAutomationBot |     INFO | click_at_point:46 | ✅ Clicked at (3417, 510) using default method
2025-08-02 03:26:20 | GameAutomationBot |     INFO | _handle_ads_with_yolo:239 | ✅ Successfully clicked close_ad
2025-08-02 03:26:21 | GameAutomationBot |     INFO | start_farming:140 | ✅ YOLO-enhanced farming sequence completed successfully
2025-08-02 03:26:21 | GameAutomationBot |    DEBUG | setup_key_handler:70 | Keyboard listener started
2025-08-02 03:26:21 | GameAutomationBot |     INFO | continuous_farming:301 | 🔁 Starting YOLO-enhanced continuous farming (interval: 5s)
2025-08-02 03:26:21 | GameAutomationBot |     INFO | run_farming_cycle:274 | 🔄 Running YOLO-enhanced farming cycle...
2025-08-02 03:26:21 | GameAutomationBot |     INFO | find_objects_on_screen:399 | 🔍 YOLO detection found 0 objects
2025-08-02 03:26:21 | GameAutomationBot |     INFO | _handle_ads_with_yolo:228 | ❌ No objects found for classes: ['close_ad', 'close', 'skip_ad', 'skip', 'x_button']
2025-08-02 03:26:21 | GameAutomationBot |     INFO | start_farming:64 | 🌾 Starting YOLO-enhanced resource farming sequence...
2025-08-02 03:26:21 | GameAutomationBot |     INFO | start_farming:68 | 🔍 Step 1: Looking for rest icon using YOLO...
2025-08-02 03:26:21 | GameAutomationBot |    DEBUG | find_objects_on_screen:394 | 🎯 Found rest_pack at (2174, 173) with confidence 0.84
2025-08-02 03:26:21 | GameAutomationBot |     INFO | find_objects_on_screen:399 | 🔍 YOLO detection found 1 objects
2025-08-02 03:26:21 | GameAutomationBot |     INFO | find_best_match:426 | ✅ Best match: rest_pack (confidence: 0.84)
2025-08-02 03:26:21 | GameAutomationBot |     INFO | start_farming:81 | ✅ Step 1: Found and clicking rest icon
2025-08-02 03:26:22 | GameAutomationBot |     INFO | click_at_point:46 | ✅ Clicked at (2174, 173) using default method
2025-08-02 03:26:22 | GameAutomationBot |     INFO | start_farming:88 | ⏳ Step 2: Waiting for watch ads button to appear...
2025-08-02 03:26:27 | GameAutomationBot |     INFO | find_objects_on_screen:399 | 🔍 YOLO detection found 0 objects
2025-08-02 03:26:27 | GameAutomationBot |    ERROR | start_farming:103 | ❌ Watch ads button not found with YOLO
2025-08-02 03:26:28 | GameAutomationBot |     INFO | save_annotated_screenshot:556 | 📸 Annotated screenshot saved: logs\watch_ads_not_found_yolo.png
2025-08-02 03:26:28 | GameAutomationBot |  WARNING | run_farming_cycle:290 | ⚠️ Farming sequence failed - will retry in next cycle
2025-08-02 03:26:28 | GameAutomationBot |     INFO | continuous_farming:311 | 📊 Farming cycle results: {'ads_handled': False, 'rewards_collected': False, 'rest_clicked': False, 'cycle_time': 1754115981.1951587, 'sequence_completed': False, 'yolo_enabled': True}
2025-08-02 03:26:28 | GameAutomationBot |     INFO | continuous_farming:324 | 🏁 YOLO-enhanced continuous farming stopped. Total greens: 0
